2018-09-12 15:46:08.340  INFO [eureka-client-feign,,,] 15120 --- [main] s.c.a.AnnotationConfigApplicationContext : Refreshing org.springframework.context.annotation.AnnotationConfigApplicationContext@1f6c9cd8: startup date [Wed Sep 12 15:46:08 CST 2018]; root of context hierarchy
2018-09-12 15:46:08.785  INFO [eureka-client-feign,,,] 15120 --- [main] f.a.AutowiredAnnotationBeanPostProcessor : JSR-330 'javax.inject.Inject' annotation found and supported for autowiring
2018-09-12 15:46:08.860  INFO [eureka-client-feign,,,] 15120 --- [main] trationDelegate$BeanPostProcessorChecker : Bean 'configurationPropertiesRebinderAutoConfiguration' of type [org.springframework.cloud.autoconfigure.ConfigurationPropertiesRebinderAutoConfiguration$$EnhancerBySpringCGLIB$$c6d69c10] is not eligible for getting processed by all BeanPostProcessors (for example: not eligible for auto-proxying)
2018-09-12 15:46:10.626  INFO [eureka-client-feign,,,] 15120 --- [main] o.s.cloud.commons.util.InetUtils         : Cannot determine local hostname
2018-09-12 15:46:10.715  INFO [eureka-client-feign,,,] 15120 --- [main] o.s.c.n.eureka.InstanceInfoFactory       : Setting initial instance status as: STARTING
2018-09-12 15:46:10.843  INFO [eureka-client-feign,,,] 15120 --- [main] com.netflix.discovery.DiscoveryClient    : Initializing Eureka in region us-east-1
2018-09-12 15:46:11.050  INFO [eureka-client-feign,,,] 15120 --- [main] c.n.d.provider.DiscoveryJerseyProvider   : Using JSON encoding codec LegacyJacksonJson
2018-09-12 15:46:11.050  INFO [eureka-client-feign,,,] 15120 --- [main] c.n.d.provider.DiscoveryJerseyProvider   : Using JSON decoding codec LegacyJacksonJson
2018-09-12 15:46:11.174  INFO [eureka-client-feign,,,] 15120 --- [main] c.n.d.provider.DiscoveryJerseyProvider   : Using XML encoding codec XStreamXml
2018-09-12 15:46:11.174  INFO [eureka-client-feign,,,] 15120 --- [main] c.n.d.provider.DiscoveryJerseyProvider   : Using XML decoding codec XStreamXml
2018-09-12 15:46:11.469  INFO [eureka-client-feign,,,] 15120 --- [main] c.n.d.s.r.aws.ConfigClusterResolver      : Resolving eureka endpoints via configuration
2018-09-12 15:46:11.768  INFO [eureka-client-feign,,,] 15120 --- [main] com.netflix.discovery.DiscoveryClient    : Disable delta property : false
2018-09-12 15:46:11.769  INFO [eureka-client-feign,,,] 15120 --- [main] com.netflix.discovery.DiscoveryClient    : Single vip registry refresh property : null
2018-09-12 15:46:11.769  INFO [eureka-client-feign,,,] 15120 --- [main] com.netflix.discovery.DiscoveryClient    : Force full registry fetch : false
2018-09-12 15:46:11.769  INFO [eureka-client-feign,,,] 15120 --- [main] com.netflix.discovery.DiscoveryClient    : Application is null : false
2018-09-12 15:46:11.769  INFO [eureka-client-feign,,,] 15120 --- [main] com.netflix.discovery.DiscoveryClient    : Registered Applications size is zero : true
2018-09-12 15:46:11.769  INFO [eureka-client-feign,,,] 15120 --- [main] com.netflix.discovery.DiscoveryClient    : Application version is -1: true
2018-09-12 15:46:11.769  INFO [eureka-client-feign,,,] 15120 --- [main] com.netflix.discovery.DiscoveryClient    : Getting all instance registry info from the eureka server
2018-09-12 15:46:12.011  INFO [eureka-client-feign,,,] 15120 --- [main] com.netflix.discovery.DiscoveryClient    : The response status is 200
2018-09-12 15:46:12.014  INFO [eureka-client-feign,,,] 15120 --- [main] com.netflix.discovery.DiscoveryClient    : Not registering with Eureka server per configuration
2018-09-12 15:46:12.021  INFO [eureka-client-feign,,,] 15120 --- [main] com.netflix.discovery.DiscoveryClient    : Discovery Client initialized at timestamp 1536738372021 with initial instances count: 9
2018-09-12 15:46:13.777  INFO [eureka-client-feign,,,] 15120 --- [main] c.c.c.ConfigServicePropertySourceLocator : Fetching config from server at: http://localhost:8767/
2018-09-12 15:46:15.274  INFO [eureka-client-feign,,,] 15120 --- [main] c.c.c.ConfigServicePropertySourceLocator : Located environment: name=eureka-client-feign, profiles=[dev], label=null, version=null, state=null
2018-09-12 15:46:15.275  INFO [eureka-client-feign,,,] 15120 --- [main] b.c.PropertySourceBootstrapConfiguration : Located property source: CompositePropertySource [name='configService', propertySources=[MapPropertySource [name='classpath:/shared/eureka-client-feign-dev.yml']]]
2018-09-12 15:46:15.312  INFO [eureka-client-feign,,,] 15120 --- [main] c.f.e.EurekaClientFeignApplication       : The following profiles are active: dev
2018-09-12 15:46:15.333  INFO [eureka-client-feign,,,] 15120 --- [main] ationConfigEmbeddedWebApplicationContext : Refreshing org.springframework.boot.context.embedded.AnnotationConfigEmbeddedWebApplicationContext@421d54b3: startup date [Wed Sep 12 15:46:15 CST 2018]; parent: org.springframework.context.annotation.AnnotationConfigApplicationContext@1f6c9cd8
2018-09-12 15:46:16.803  INFO [eureka-client-feign,,,] 15120 --- [main] o.s.cloud.context.scope.GenericScope     : BeanFactory id=10d17a84-a48a-3d3b-9860-aaa9817e9b20
2018-09-12 15:46:16.822  INFO [eureka-client-feign,,,] 15120 --- [main] f.a.AutowiredAnnotationBeanPostProcessor : JSR-330 'javax.inject.Inject' annotation found and supported for autowiring
2018-09-12 15:46:16.857  INFO [eureka-client-feign,,,] 15120 --- [main] trationDelegate$BeanPostProcessorChecker : Bean 'com.forezp.eurekaclientfeign.config.EurekaClientFeign' of type [org.springframework.cloud.netflix.feign.FeignClientFactoryBean] is not eligible for getting processed by all BeanPostProcessors (for example: not eligible for auto-proxying)
2018-09-12 15:46:16.859  INFO [eureka-client-feign,,,] 15120 --- [main] trationDelegate$BeanPostProcessorChecker : Bean 'com.forezp.eurekaclientfeign.config.EurekaClientTwo' of type [org.springframework.cloud.netflix.feign.FeignClientFactoryBean] is not eligible for getting processed by all BeanPostProcessors (for example: not eligible for auto-proxying)
2018-09-12 15:46:16.981  INFO [eureka-client-feign,,,] 15120 --- [main] trationDelegate$BeanPostProcessorChecker : Bean 'org.springframework.cloud.sleuth.instrument.async.AsyncDefaultAutoConfiguration$DefaultAsyncConfigurerSupport' of type [org.springframework.cloud.sleuth.instrument.async.AsyncDefaultAutoConfiguration$DefaultAsyncConfigurerSupport$$EnhancerBySpringCGLIB$$e7fe36d6] is not eligible for getting processed by all BeanPostProcessors (for example: not eligible for auto-proxying)
2018-09-12 15:46:17.228  INFO [eureka-client-feign,,,] 15120 --- [main] trationDelegate$BeanPostProcessorChecker : Bean 'org.springframework.cloud.sleuth.annotation.SleuthAnnotationAutoConfiguration' of type [org.springframework.cloud.sleuth.annotation.SleuthAnnotationAutoConfiguration$$EnhancerBySpringCGLIB$$ad21df45] is not eligible for getting processed by all BeanPostProcessors (for example: not eligible for auto-proxying)
2018-09-12 15:46:17.453  INFO [eureka-client-feign,,,] 15120 --- [main] trationDelegate$BeanPostProcessorChecker : Bean 'sleuthAdvisorConfig' of type [org.springframework.cloud.sleuth.annotation.SleuthAdvisorConfig] is not eligible for getting processed by all BeanPostProcessors (for example: not eligible for auto-proxying)
2018-09-12 15:46:17.461  INFO [eureka-client-feign,,,] 15120 --- [main] trationDelegate$BeanPostProcessorChecker : Bean 'org.springframework.cloud.netflix.metrics.MetricsInterceptorConfiguration$MetricsRestTemplateConfiguration' of type [org.springframework.cloud.netflix.metrics.MetricsInterceptorConfiguration$MetricsRestTemplateConfiguration$$EnhancerBySpringCGLIB$$dce93f54] is not eligible for getting processed by all BeanPostProcessors (for example: not eligible for auto-proxying)
2018-09-12 15:46:17.497  INFO [eureka-client-feign,,,] 15120 --- [main] trationDelegate$BeanPostProcessorChecker : Bean 'org.springframework.cloud.autoconfigure.ConfigurationPropertiesRebinderAutoConfiguration' of type [org.springframework.cloud.autoconfigure.ConfigurationPropertiesRebinderAutoConfiguration$$EnhancerBySpringCGLIB$$c6d69c10] is not eligible for getting processed by all BeanPostProcessors (for example: not eligible for auto-proxying)
2018-09-12 15:46:17.537  INFO [eureka-client-feign,,,] 15120 --- [main] trationDelegate$BeanPostProcessorChecker : Bean 'org.springframework.cloud.sleuth.instrument.web.client.feign.TraceFeignClientAutoConfiguration$FeignBeanPostProcessorConfiguration' of type [org.springframework.cloud.sleuth.instrument.web.client.feign.TraceFeignClientAutoConfiguration$FeignBeanPostProcessorConfiguration$$EnhancerBySpringCGLIB$$ea4e71d9] is not eligible for getting processed by all BeanPostProcessors (for example: not eligible for auto-proxying)
2018-09-12 15:46:17.568  INFO [eureka-client-feign,,,] 15120 --- [main] trationDelegate$BeanPostProcessorChecker : Bean 'org.springframework.cloud.sleuth.instrument.async.AsyncDefaultAutoConfiguration' of type [org.springframework.cloud.sleuth.instrument.async.AsyncDefaultAutoConfiguration$$EnhancerBySpringCGLIB$$92a04532] is not eligible for getting processed by all BeanPostProcessors (for example: not eligible for auto-proxying)
2018-09-12 15:46:18.369  INFO [eureka-client-feign,,,] 15120 --- [main] s.b.c.e.t.TomcatEmbeddedServletContainer : Tomcat initialized with port(s): 8765 (http)
2018-09-12 15:46:18.379  INFO [eureka-client-feign,,,] 15120 --- [main] o.apache.catalina.core.StandardService   : Starting service Tomcat
2018-09-12 15:46:18.381  INFO [eureka-client-feign,,,] 15120 --- [main] org.apache.catalina.core.StandardEngine  : Starting Servlet Engine: Apache Tomcat/8.5.14
2018-09-12 15:46:18.627  INFO [eureka-client-feign,,,] 15120 --- [localhost-startStop-1] o.a.c.c.C.[Tomcat].[localhost].[/]       : Initializing Spring embedded WebApplicationContext
2018-09-12 15:46:18.628  INFO [eureka-client-feign,,,] 15120 --- [localhost-startStop-1] o.s.web.context.ContextLoader            : Root WebApplicationContext: initialization completed in 3295 ms
2018-09-12 15:46:20.640  INFO [eureka-client-feign,,,] 15120 --- [localhost-startStop-1] o.s.b.w.servlet.FilterRegistrationBean   : Mapping filter: 'metricsFilter' to: [/*]
2018-09-12 15:46:20.641  INFO [eureka-client-feign,,,] 15120 --- [localhost-startStop-1] o.s.b.w.servlet.FilterRegistrationBean   : Mapping filter: 'characterEncodingFilter' to: [/*]
2018-09-12 15:46:20.641  INFO [eureka-client-feign,,,] 15120 --- [localhost-startStop-1] o.s.b.w.servlet.FilterRegistrationBean   : Mapping filter: 'traceFilter' to: [/*]
2018-09-12 15:46:20.642  INFO [eureka-client-feign,,,] 15120 --- [localhost-startStop-1] o.s.b.w.servlet.FilterRegistrationBean   : Mapping filter: 'hiddenHttpMethodFilter' to: [/*]
2018-09-12 15:46:20.642  INFO [eureka-client-feign,,,] 15120 --- [localhost-startStop-1] o.s.b.w.servlet.FilterRegistrationBean   : Mapping filter: 'httpPutFormContentFilter' to: [/*]
2018-09-12 15:46:20.642  INFO [eureka-client-feign,,,] 15120 --- [localhost-startStop-1] o.s.b.w.servlet.FilterRegistrationBean   : Mapping filter: 'requestContextFilter' to: [/*]
2018-09-12 15:46:20.642  INFO [eureka-client-feign,,,] 15120 --- [localhost-startStop-1] o.s.b.w.servlet.FilterRegistrationBean   : Mapping filter: 'webRequestLoggingFilter' to: [/*]
2018-09-12 15:46:20.642  INFO [eureka-client-feign,,,] 15120 --- [localhost-startStop-1] o.s.b.w.servlet.FilterRegistrationBean   : Mapping filter: 'applicationContextIdFilter' to: [/*]
2018-09-12 15:46:20.642  INFO [eureka-client-feign,,,] 15120 --- [localhost-startStop-1] o.s.b.w.servlet.ServletRegistrationBean  : Mapping servlet: 'proxyStreamServlet' to [/proxy.stream]
2018-09-12 15:46:20.644  INFO [eureka-client-feign,,,] 15120 --- [localhost-startStop-1] o.s.b.w.servlet.ServletRegistrationBean  : Mapping servlet: 'dispatcherServlet' to [/]
2018-09-12 15:46:20.911  INFO [eureka-client-feign,,,] 15120 --- [main] s.c.a.AnnotationConfigApplicationContext : Refreshing org.springframework.context.annotation.AnnotationConfigApplicationContext@24cbf894: startup date [Wed Sep 12 15:46:20 CST 2018]; parent: org.springframework.boot.context.embedded.AnnotationConfigEmbeddedWebApplicationContext@421d54b3
2018-09-12 15:46:20.925  INFO [eureka-client-feign,,,] 15120 --- [main] f.a.AutowiredAnnotationBeanPostProcessor : JSR-330 'javax.inject.Inject' annotation found and supported for autowiring
2018-09-12 15:46:22.528  INFO [eureka-client-feign,,,] 15120 --- [main] o.a.c.c.C.[Tomcat].[localhost].[/]       : jolokia: No access restrictor found, access to any MBean is allowed
2018-09-12 15:46:23.251  INFO [eureka-client-feign,,,] 15120 --- [main] s.c.a.AnnotationConfigApplicationContext : Refreshing org.springframework.context.annotation.AnnotationConfigApplicationContext@118879d2: startup date [Wed Sep 12 15:46:23 CST 2018]; parent: org.springframework.boot.context.embedded.AnnotationConfigEmbeddedWebApplicationContext@421d54b3
2018-09-12 15:46:23.266  INFO [eureka-client-feign,,,] 15120 --- [main] f.a.AutowiredAnnotationBeanPostProcessor : JSR-330 'javax.inject.Inject' annotation found and supported for autowiring
2018-09-12 15:46:23.477  INFO [eureka-client-feign,,,] 15120 --- [main] o.s.ui.freemarker.SpringTemplateLoader   : SpringTemplateLoader for FreeMarker: using resource loader [org.springframework.boot.context.embedded.AnnotationConfigEmbeddedWebApplicationContext@421d54b3: startup date [Wed Sep 12 15:46:15 CST 2018]; parent: org.springframework.context.annotation.AnnotationConfigApplicationContext@1f6c9cd8] and template loader path [classpath:/templates/]
2018-09-12 15:46:23.480  INFO [eureka-client-feign,,,] 15120 --- [main] o.s.w.s.v.f.FreeMarkerConfigurer         : ClassTemplateLoader for Spring macros added to FreeMarker configuration
2018-09-12 15:46:24.967  INFO [eureka-client-feign,,,] 15120 --- [main] o.s.cloud.commons.util.InetUtils         : Cannot determine local hostname
2018-09-12 15:46:25.218  WARN [eureka-client-feign,,,] 15120 --- [main] c.n.c.sources.URLConfigurationSource     : No URLs will be polled as dynamic configuration sources.
2018-09-12 15:46:25.218  INFO [eureka-client-feign,,,] 15120 --- [main] c.n.c.sources.URLConfigurationSource     : To enable URLs as dynamic configuration sources, define System property archaius.configurationSource.additionalUrls or make config.properties available on classpath.
2018-09-12 15:46:25.224  INFO [eureka-client-feign,,,] 15120 --- [main] c.netflix.config.DynamicPropertyFactory  : DynamicPropertyFactory is initialized with configuration sources: com.netflix.config.ConcurrentCompositeConfiguration@20dc763b
2018-09-12 15:46:25.606  INFO [eureka-client-feign,,,] 15120 --- [main] s.w.s.m.m.a.RequestMappingHandlerAdapter : Looking for @ControllerAdvice: org.springframework.boot.context.embedded.AnnotationConfigEmbeddedWebApplicationContext@421d54b3: startup date [Wed Sep 12 15:46:15 CST 2018]; parent: org.springframework.context.annotation.AnnotationConfigApplicationContext@1f6c9cd8
2018-09-12 15:46:25.886  INFO [eureka-client-feign,,,] 15120 --- [main] s.w.s.m.m.a.RequestMappingHandlerMapping : Mapped "{[/getHi],methods=[GET]}" onto public java.lang.String com.forezp.eurekaclientfeign.controller.HiController.getHi(java.lang.String)
2018-09-12 15:46:25.888  INFO [eureka-client-feign,,,] 15120 --- [main] s.w.s.m.m.a.RequestMappingHandlerMapping : Mapped "{[/getHiTwo],methods=[GET]}" onto public java.lang.String com.forezp.eurekaclientfeign.controller.HiController.getHiTwo(java.lang.String)
2018-09-12 15:46:25.889  INFO [eureka-client-feign,,,] 15120 --- [main] s.w.s.m.m.a.RequestMappingHandlerMapping : Mapped "{[/hystrix/{path}]}" onto public java.lang.String org.springframework.cloud.netflix.hystrix.dashboard.HystrixDashboardController.monitor(java.lang.String,org.springframework.ui.Model,org.springframework.web.context.request.WebRequest)
2018-09-12 15:46:25.889  INFO [eureka-client-feign,,,] 15120 --- [main] s.w.s.m.m.a.RequestMappingHandlerMapping : Mapped "{[/hystrix]}" onto public java.lang.String org.springframework.cloud.netflix.hystrix.dashboard.HystrixDashboardController.home(org.springframework.ui.Model,org.springframework.web.context.request.WebRequest)
2018-09-12 15:46:25.891  INFO [eureka-client-feign,,,] 15120 --- [main] s.w.s.m.m.a.RequestMappingHandlerMapping : Mapped "{[/error]}" onto public org.springframework.http.ResponseEntity<java.util.Map<java.lang.String, java.lang.Object>> org.springframework.boot.autoconfigure.web.BasicErrorController.error(javax.servlet.http.HttpServletRequest)
2018-09-12 15:46:25.892  INFO [eureka-client-feign,,,] 15120 --- [main] s.w.s.m.m.a.RequestMappingHandlerMapping : Mapped "{[/error],produces=[text/html]}" onto public org.springframework.web.servlet.ModelAndView org.springframework.boot.autoconfigure.web.BasicErrorController.errorHtml(javax.servlet.http.HttpServletRequest,javax.servlet.http.HttpServletResponse)
2018-09-12 15:46:26.206  INFO [eureka-client-feign,,,] 15120 --- [main] o.s.w.s.handler.SimpleUrlHandlerMapping  : Mapped URL path [/webjars/**] onto handler of type [class org.springframework.web.servlet.resource.ResourceHttpRequestHandler]
2018-09-12 15:46:26.206  INFO [eureka-client-feign,,,] 15120 --- [main] o.s.w.s.handler.SimpleUrlHandlerMapping  : Mapped URL path [/**] onto handler of type [class org.springframework.web.servlet.resource.ResourceHttpRequestHandler]
2018-09-12 15:46:26.416  INFO [eureka-client-feign,,,] 15120 --- [main] o.s.w.s.handler.SimpleUrlHandlerMapping  : Mapped URL path [/**/favicon.ico] onto handler of type [class org.springframework.web.servlet.resource.ResourceHttpRequestHandler]
2018-09-12 15:46:28.508  INFO [eureka-client-feign,,,] 15120 --- [main] o.s.b.a.e.mvc.EndpointHandlerMapping     : Mapped "{[/restart || /restart.json],methods=[POST]}" onto public java.lang.Object org.springframework.cloud.context.restart.RestartMvcEndpoint.invoke()
2018-09-12 15:46:28.510  INFO [eureka-client-feign,,,] 15120 --- [main] o.s.b.a.e.mvc.EndpointHandlerMapping     : Mapped "{[/logfile || /logfile.json],methods=[GET || HEAD]}" onto public void org.springframework.boot.actuate.endpoint.mvc.LogFileMvcEndpoint.invoke(javax.servlet.http.HttpServletRequest,javax.servlet.http.HttpServletResponse) throws javax.servlet.ServletException,java.io.IOException
2018-09-12 15:46:28.511  INFO [eureka-client-feign,,,] 15120 --- [main] o.s.b.a.e.mvc.EndpointHandlerMapping     : Mapped "{[/configprops || /configprops.json],methods=[GET],produces=[application/vnd.spring-boot.actuator.v1+json || application/json]}" onto public java.lang.Object org.springframework.boot.actuate.endpoint.mvc.EndpointMvcAdapter.invoke()
2018-09-12 15:46:28.512  INFO [eureka-client-feign,,,] 15120 --- [main] o.s.b.a.e.mvc.EndpointHandlerMapping     : Mapped "{[/trace || /trace.json],methods=[GET],produces=[application/vnd.spring-boot.actuator.v1+json || application/json]}" onto public java.lang.Object org.springframework.boot.actuate.endpoint.mvc.EndpointMvcAdapter.invoke()
2018-09-12 15:46:28.512  INFO [eureka-client-feign,,,] 15120 --- [main] o.s.b.a.e.mvc.EndpointHandlerMapping     : Mapped "{[/autoconfig || /autoconfig.json],methods=[GET],produces=[application/vnd.spring-boot.actuator.v1+json || application/json]}" onto public java.lang.Object org.springframework.boot.actuate.endpoint.mvc.EndpointMvcAdapter.invoke()
2018-09-12 15:46:28.514  INFO [eureka-client-feign,,,] 15120 --- [main] o.s.b.a.e.mvc.EndpointHandlerMapping     : Mapped "{[/health || /health.json],methods=[GET],produces=[application/vnd.spring-boot.actuator.v1+json || application/json]}" onto public java.lang.Object org.springframework.boot.actuate.endpoint.mvc.HealthMvcEndpoint.invoke(javax.servlet.http.HttpServletRequest,java.security.Principal)
2018-09-12 15:46:28.514  INFO [eureka-client-feign,,,] 15120 --- [main] o.s.b.a.e.mvc.EndpointHandlerMapping     : Mapped "{[/archaius || /archaius.json],methods=[GET],produces=[application/vnd.spring-boot.actuator.v1+json || application/json]}" onto public java.lang.Object org.springframework.boot.actuate.endpoint.mvc.EndpointMvcAdapter.invoke()
2018-09-12 15:46:28.516  INFO [eureka-client-feign,,,] 15120 --- [main] o.s.b.a.e.mvc.EndpointHandlerMapping     : Mapped "{[/auditevents || /auditevents.json],methods=[GET],produces=[application/vnd.spring-boot.actuator.v1+json || application/json]}" onto public org.springframework.http.ResponseEntity<?> org.springframework.boot.actuate.endpoint.mvc.AuditEventsMvcEndpoint.findByPrincipalAndAfterAndType(java.lang.String,java.util.Date,java.lang.String)
2018-09-12 15:46:28.519  INFO [eureka-client-feign,,,] 15120 --- [main] o.s.b.a.e.mvc.EndpointHandlerMapping     : Mapped "{[/heapdump || /heapdump.json],methods=[GET],produces=[application/octet-stream]}" onto public void org.springframework.boot.actuate.endpoint.mvc.HeapdumpMvcEndpoint.invoke(boolean,javax.servlet.http.HttpServletRequest,javax.servlet.http.HttpServletResponse) throws java.io.IOException,javax.servlet.ServletException
2018-09-12 15:46:28.520  INFO [eureka-client-feign,,,] 15120 --- [main] o.s.b.a.e.mvc.EndpointHandlerMapping     : Mapped "{[/features || /features.json],methods=[GET],produces=[application/vnd.spring-boot.actuator.v1+json || application/json]}" onto public java.lang.Object org.springframework.boot.actuate.endpoint.mvc.EndpointMvcAdapter.invoke()
2018-09-12 15:46:28.521  INFO [eureka-client-feign,,,] 15120 --- [main] o.s.b.a.e.mvc.EndpointHandlerMapping     : Mapped "{[/hystrix.stream/**]}" onto public org.springframework.web.servlet.ModelAndView org.springframework.cloud.netflix.endpoint.ServletWrappingEndpoint.handle(javax.servlet.http.HttpServletRequest,javax.servlet.http.HttpServletResponse) throws java.lang.Exception
2018-09-12 15:46:28.523  INFO [eureka-client-feign,,,] 15120 --- [main] o.s.b.a.e.mvc.EndpointHandlerMapping     : Mapped "{[/beans || /beans.json],methods=[GET],produces=[application/vnd.spring-boot.actuator.v1+json || application/json]}" onto public java.lang.Object org.springframework.boot.actuate.endpoint.mvc.EndpointMvcAdapter.invoke()
2018-09-12 15:46:28.526  INFO [eureka-client-feign,,,] 15120 --- [main] o.s.b.a.e.mvc.EndpointHandlerMapping     : Mapped "{[/pause || /pause.json],methods=[POST]}" onto public java.lang.Object org.springframework.cloud.endpoint.GenericPostableMvcEndpoint.invoke()
2018-09-12 15:46:28.527  INFO [eureka-client-feign,,,] 15120 --- [main] o.s.b.a.e.mvc.EndpointHandlerMapping     : Mapped "{[/resume || /resume.json],methods=[POST]}" onto public java.lang.Object org.springframework.cloud.endpoint.GenericPostableMvcEndpoint.invoke()
2018-09-12 15:46:28.528  INFO [eureka-client-feign,,,] 15120 --- [main] o.s.b.a.e.mvc.EndpointHandlerMapping     : Mapped "{[/dump || /dump.json],methods=[GET],produces=[application/vnd.spring-boot.actuator.v1+json || application/json]}" onto public java.lang.Object org.springframework.boot.actuate.endpoint.mvc.EndpointMvcAdapter.invoke()
2018-09-12 15:46:28.529  INFO [eureka-client-feign,,,] 15120 --- [main] o.s.b.a.e.mvc.EndpointHandlerMapping     : Mapped "{[/env],methods=[POST]}" onto public java.lang.Object org.springframework.cloud.context.environment.EnvironmentManagerMvcEndpoint.value(java.util.Map<java.lang.String, java.lang.String>)
2018-09-12 15:46:28.529  INFO [eureka-client-feign,,,] 15120 --- [main] o.s.b.a.e.mvc.EndpointHandlerMapping     : Mapped "{[/env/reset],methods=[POST]}" onto public java.util.Map<java.lang.String, java.lang.Object> org.springframework.cloud.context.environment.EnvironmentManagerMvcEndpoint.reset()
2018-09-12 15:46:28.530  INFO [eureka-client-feign,,,] 15120 --- [main] o.s.b.a.e.mvc.EndpointHandlerMapping     : Mapped "{[/info || /info.json],methods=[GET],produces=[application/vnd.spring-boot.actuator.v1+json || application/json]}" onto public java.lang.Object org.springframework.boot.actuate.endpoint.mvc.EndpointMvcAdapter.invoke()
2018-09-12 15:46:28.531  INFO [eureka-client-feign,,,] 15120 --- [main] o.s.b.a.e.mvc.EndpointHandlerMapping     : Mapped "{[/metrics/{name:.*}],methods=[GET],produces=[application/vnd.spring-boot.actuator.v1+json || application/json]}" onto public java.lang.Object org.springframework.boot.actuate.endpoint.mvc.MetricsMvcEndpoint.value(java.lang.String)
2018-09-12 15:46:28.531  INFO [eureka-client-feign,,,] 15120 --- [main] o.s.b.a.e.mvc.EndpointHandlerMapping     : Mapped "{[/metrics || /metrics.json],methods=[GET],produces=[application/vnd.spring-boot.actuator.v1+json || application/json]}" onto public java.lang.Object org.springframework.boot.actuate.endpoint.mvc.EndpointMvcAdapter.invoke()
2018-09-12 15:46:28.532  INFO [eureka-client-feign,,,] 15120 --- [main] o.s.b.a.e.mvc.EndpointHandlerMapping     : Mapped "{[/mappings || /mappings.json],methods=[GET],produces=[application/vnd.spring-boot.actuator.v1+json || application/json]}" onto public java.lang.Object org.springframework.boot.actuate.endpoint.mvc.EndpointMvcAdapter.invoke()
2018-09-12 15:46:28.533  INFO [eureka-client-feign,,,] 15120 --- [main] o.s.b.a.e.mvc.EndpointHandlerMapping     : Mapped "{[/env/{name:.*}],methods=[GET],produces=[application/vnd.spring-boot.actuator.v1+json || application/json]}" onto public java.lang.Object org.springframework.boot.actuate.endpoint.mvc.EnvironmentMvcEndpoint.value(java.lang.String)
2018-09-12 15:46:28.534  INFO [eureka-client-feign,,,] 15120 --- [main] o.s.b.a.e.mvc.EndpointHandlerMapping     : Mapped "{[/env || /env.json],methods=[GET],produces=[application/vnd.spring-boot.actuator.v1+json || application/json]}" onto public java.lang.Object org.springframework.boot.actuate.endpoint.mvc.EndpointMvcAdapter.invoke()
2018-09-12 15:46:28.535  INFO [eureka-client-feign,,,] 15120 --- [main] o.s.b.a.e.mvc.EndpointHandlerMapping     : Mapped "{[/service-registry/instance-status],methods=[POST]}" onto public org.springframework.http.ResponseEntity<?> org.springframework.cloud.client.serviceregistry.endpoint.ServiceRegistryEndpoint.setStatus(java.lang.String)
2018-09-12 15:46:28.535  INFO [eureka-client-feign,,,] 15120 --- [main] o.s.b.a.e.mvc.EndpointHandlerMapping     : Mapped "{[/service-registry/instance-status],methods=[GET]}" onto public org.springframework.http.ResponseEntity org.springframework.cloud.client.serviceregistry.endpoint.ServiceRegistryEndpoint.getStatus()
2018-09-12 15:46:28.537  INFO [eureka-client-feign,,,] 15120 --- [main] o.s.b.a.e.mvc.EndpointHandlerMapping     : Mapped "{[/loggers/{name:.*}],methods=[GET],produces=[application/vnd.spring-boot.actuator.v1+json || application/json]}" onto public java.lang.Object org.springframework.boot.actuate.endpoint.mvc.LoggersMvcEndpoint.get(java.lang.String)
2018-09-12 15:46:28.537  INFO [eureka-client-feign,,,] 15120 --- [main] o.s.b.a.e.mvc.EndpointHandlerMapping     : Mapped "{[/loggers/{name:.*}],methods=[POST],consumes=[application/vnd.spring-boot.actuator.v1+json || application/json],produces=[application/vnd.spring-boot.actuator.v1+json || application/json]}" onto public java.lang.Object org.springframework.boot.actuate.endpoint.mvc.LoggersMvcEndpoint.set(java.lang.String,java.util.Map<java.lang.String, java.lang.String>)
2018-09-12 15:46:28.537  INFO [eureka-client-feign,,,] 15120 --- [main] o.s.b.a.e.mvc.EndpointHandlerMapping     : Mapped "{[/loggers || /loggers.json],methods=[GET],produces=[application/vnd.spring-boot.actuator.v1+json || application/json]}" onto public java.lang.Object org.springframework.boot.actuate.endpoint.mvc.EndpointMvcAdapter.invoke()
2018-09-12 15:46:28.539  INFO [eureka-client-feign,,,] 15120 --- [main] o.s.b.a.e.mvc.EndpointHandlerMapping     : Mapped "{[/jolokia/**]}" onto public org.springframework.web.servlet.ModelAndView org.springframework.boot.actuate.endpoint.mvc.JolokiaMvcEndpoint.handle(javax.servlet.http.HttpServletRequest,javax.servlet.http.HttpServletResponse) throws java.lang.Exception
2018-09-12 15:46:28.540  INFO [eureka-client-feign,,,] 15120 --- [main] o.s.b.a.e.mvc.EndpointHandlerMapping     : Mapped "{[/refresh || /refresh.json],methods=[POST]}" onto public java.lang.Object org.springframework.cloud.endpoint.GenericPostableMvcEndpoint.invoke()
2018-09-12 15:46:29.897  WARN [eureka-client-feign,,,] 15120 --- [main] c.n.c.sources.URLConfigurationSource     : No URLs will be polled as dynamic configuration sources.
2018-09-12 15:46:29.897  INFO [eureka-client-feign,,,] 15120 --- [main] c.n.c.sources.URLConfigurationSource     : To enable URLs as dynamic configuration sources, define System property archaius.configurationSource.additionalUrls or make config.properties available on classpath.
2018-09-12 15:46:30.022  INFO [eureka-client-feign,,,] 15120 --- [main] com.netflix.discovery.DiscoveryClient    : Shutting down DiscoveryClient ...
2018-09-12 15:46:30.030  INFO [eureka-client-feign,,,] 15120 --- [main] com.netflix.discovery.DiscoveryClient    : Completed shut down of DiscoveryClient
2018-09-12 15:46:30.257  INFO [eureka-client-feign,,,] 15120 --- [main] o.s.s.c.ThreadPoolTaskScheduler          : Initializing ExecutorService 
2018-09-12 15:46:30.672  INFO [eureka-client-feign,,,] 15120 --- [main] o.s.j.e.a.AnnotationMBeanExporter        : Registering beans for JMX exposure on startup
2018-09-12 15:46:30.685  INFO [eureka-client-feign,,,] 15120 --- [main] o.s.j.e.a.AnnotationMBeanExporter        : Bean with name 'environmentManager' has been autodetected for JMX exposure
2018-09-12 15:46:30.689  INFO [eureka-client-feign,,,] 15120 --- [main] o.s.j.e.a.AnnotationMBeanExporter        : Bean with name 'configurationPropertiesRebinder' has been autodetected for JMX exposure
2018-09-12 15:46:30.690  INFO [eureka-client-feign,,,] 15120 --- [main] o.s.j.e.a.AnnotationMBeanExporter        : Bean with name 'refreshEndpoint' has been autodetected for JMX exposure
2018-09-12 15:46:30.690  INFO [eureka-client-feign,,,] 15120 --- [main] o.s.j.e.a.AnnotationMBeanExporter        : Bean with name 'restartEndpoint' has been autodetected for JMX exposure
2018-09-12 15:46:30.691  INFO [eureka-client-feign,,,] 15120 --- [main] o.s.j.e.a.AnnotationMBeanExporter        : Bean with name 'serviceRegistryEndpoint' has been autodetected for JMX exposure
2018-09-12 15:46:30.694  INFO [eureka-client-feign,,,] 15120 --- [main] o.s.j.e.a.AnnotationMBeanExporter        : Bean with name 'refreshScope' has been autodetected for JMX exposure
2018-09-12 15:46:30.697  INFO [eureka-client-feign,,,] 15120 --- [main] o.s.j.e.a.AnnotationMBeanExporter        : Located managed bean 'environmentManager': registering with JMX server as MBean [org.springframework.cloud.context.environment:name=environmentManager,type=EnvironmentManager]
2018-09-12 15:46:30.716  INFO [eureka-client-feign,,,] 15120 --- [main] o.s.j.e.a.AnnotationMBeanExporter        : Located managed bean 'restartEndpoint': registering with JMX server as MBean [org.springframework.cloud.context.restart:name=restartEndpoint,type=RestartEndpoint]
2018-09-12 15:46:30.733  INFO [eureka-client-feign,,,] 15120 --- [main] o.s.j.e.a.AnnotationMBeanExporter        : Located managed bean 'serviceRegistryEndpoint': registering with JMX server as MBean [org.springframework.cloud.client.serviceregistry.endpoint:name=serviceRegistryEndpoint,type=ServiceRegistryEndpoint]
2018-09-12 15:46:30.742  INFO [eureka-client-feign,,,] 15120 --- [main] o.s.j.e.a.AnnotationMBeanExporter        : Located managed bean 'refreshScope': registering with JMX server as MBean [org.springframework.cloud.context.scope.refresh:name=refreshScope,type=RefreshScope]
2018-09-12 15:46:30.760  INFO [eureka-client-feign,,,] 15120 --- [main] o.s.j.e.a.AnnotationMBeanExporter        : Located managed bean 'configurationPropertiesRebinder': registering with JMX server as MBean [org.springframework.cloud.context.properties:name=configurationPropertiesRebinder,context=421d54b3,type=ConfigurationPropertiesRebinder]
2018-09-12 15:46:30.765  INFO [eureka-client-feign,,,] 15120 --- [main] o.s.j.e.a.AnnotationMBeanExporter        : Located managed bean 'refreshEndpoint': registering with JMX server as MBean [org.springframework.cloud.endpoint:name=refreshEndpoint,type=RefreshEndpoint]
2018-09-12 15:46:31.267  INFO [eureka-client-feign,,,] 15120 --- [main] o.a.c.c.C.[Tomcat].[localhost].[/]       : jolokia: No access restrictor found, access to any MBean is allowed
2018-09-12 15:46:31.273  INFO [eureka-client-feign,,,] 15120 --- [main] o.a.c.c.C.[Tomcat].[localhost].[/]       : jolokia: jolokia:type=Config is already registered. Adding it with jolokia:type=Config,uuid=4c412764-3b7a-45a1-8ef0-e232a8091429, but you should revise your setup in order to either use a qualifier or ensure, that only a single agent gets registered (otherwise history functionality might not work)
2018-09-12 15:46:31.274  INFO [eureka-client-feign,,,] 15120 --- [main] o.a.c.c.C.[Tomcat].[localhost].[/]       : jolokia: Cannot register (legacy) MBean handler for config store with name jmx4perl:type=Config since it already exists. This is the case if another agent has been already started within the same JVM. The registration is skipped.
2018-09-12 15:46:31.274  INFO [eureka-client-feign,,,] 15120 --- [main] o.a.c.c.C.[Tomcat].[localhost].[/]       : jolokia: Jolokia Discovery MBean registration is skipped because there is already one registered.
2018-09-12 15:46:31.426  INFO [eureka-client-feign,,,] 15120 --- [main] o.s.c.support.DefaultLifecycleProcessor  : Starting beans in phase 0
2018-09-12 15:46:31.430  INFO [eureka-client-feign,,,] 15120 --- [main] o.s.c.n.eureka.InstanceInfoFactory       : Setting initial instance status as: STARTING
2018-09-12 15:46:31.450  INFO [eureka-client-feign,,,] 15120 --- [main] com.netflix.discovery.DiscoveryClient    : Initializing Eureka in region us-east-1
2018-09-12 15:46:31.460  INFO [eureka-client-feign,,,] 15120 --- [main] c.n.d.provider.DiscoveryJerseyProvider   : Using JSON encoding codec LegacyJacksonJson
2018-09-12 15:46:31.460  INFO [eureka-client-feign,,,] 15120 --- [main] c.n.d.provider.DiscoveryJerseyProvider   : Using JSON decoding codec LegacyJacksonJson
2018-09-12 15:46:31.460  INFO [eureka-client-feign,,,] 15120 --- [main] c.n.d.provider.DiscoveryJerseyProvider   : Using XML encoding codec XStreamXml
2018-09-12 15:46:31.460  INFO [eureka-client-feign,,,] 15120 --- [main] c.n.d.provider.DiscoveryJerseyProvider   : Using XML decoding codec XStreamXml
2018-09-12 15:46:31.625  INFO [eureka-client-feign,,,] 15120 --- [main] c.n.d.s.r.aws.ConfigClusterResolver      : Resolving eureka endpoints via configuration
2018-09-12 15:46:31.627  INFO [eureka-client-feign,,,] 15120 --- [main] com.netflix.discovery.DiscoveryClient    : Disable delta property : false
2018-09-12 15:46:31.627  INFO [eureka-client-feign,,,] 15120 --- [main] com.netflix.discovery.DiscoveryClient    : Single vip registry refresh property : null
2018-09-12 15:46:31.627  INFO [eureka-client-feign,,,] 15120 --- [main] com.netflix.discovery.DiscoveryClient    : Force full registry fetch : false
2018-09-12 15:46:31.627  INFO [eureka-client-feign,,,] 15120 --- [main] com.netflix.discovery.DiscoveryClient    : Application is null : false
2018-09-12 15:46:31.627  INFO [eureka-client-feign,,,] 15120 --- [main] com.netflix.discovery.DiscoveryClient    : Registered Applications size is zero : true
2018-09-12 15:46:31.627  INFO [eureka-client-feign,,,] 15120 --- [main] com.netflix.discovery.DiscoveryClient    : Application version is -1: true
2018-09-12 15:46:31.627  INFO [eureka-client-feign,,,] 15120 --- [main] com.netflix.discovery.DiscoveryClient    : Getting all instance registry info from the eureka server
2018-09-12 15:46:31.636  INFO [eureka-client-feign,,,] 15120 --- [main] com.netflix.discovery.DiscoveryClient    : The response status is 200
2018-09-12 15:46:31.639  INFO [eureka-client-feign,,,] 15120 --- [main] com.netflix.discovery.DiscoveryClient    : Starting heartbeat executor: renew interval is: 30
2018-09-12 15:46:31.642  INFO [eureka-client-feign,,,] 15120 --- [main] c.n.discovery.InstanceInfoReplicator     : InstanceInfoReplicator onDemand update allowed rate per min is 4
2018-09-12 15:46:31.645  INFO [eureka-client-feign,,,] 15120 --- [main] com.netflix.discovery.DiscoveryClient    : Discovery Client initialized at timestamp 1536738391645 with initial instances count: 9
2018-09-12 15:46:31.939  INFO [eureka-client-feign,,,] 15120 --- [main] o.s.c.n.e.s.EurekaServiceRegistry        : Registering application eureka-client-feign with eureka with status UP
2018-09-12 15:46:31.939  INFO [eureka-client-feign,,,] 15120 --- [main] com.netflix.discovery.DiscoveryClient    : Saw local status change event StatusChangeEvent [timestamp=1536738391939, current=UP, previous=STARTING]
2018-09-12 15:46:31.942  INFO [eureka-client-feign,,,] 15120 --- [DiscoveryClient-InstanceInfoReplicator-0] com.netflix.discovery.DiscoveryClient    : DiscoveryClient_EUREKA-CLIENT-FEIGN/localhost:eureka-client-feign:8765: registering service...
2018-09-12 15:46:31.997  INFO [eureka-client-feign,,,] 15120 --- [DiscoveryClient-InstanceInfoReplicator-0] com.netflix.discovery.DiscoveryClient    : DiscoveryClient_EUREKA-CLIENT-FEIGN/localhost:eureka-client-feign:8765 - registration status: 204
2018-09-12 15:46:32.014  INFO [eureka-client-feign,,,] 15120 --- [main] o.s.c.support.DefaultLifecycleProcessor  : Starting beans in phase 2147483647
2018-09-12 15:46:32.021  INFO [eureka-client-feign,,,] 15120 --- [main] ration$HystrixMetricsPollerConfiguration : Starting poller
2018-09-12 15:46:32.092  INFO [eureka-client-feign,,,] 15120 --- [main] s.b.c.e.t.TomcatEmbeddedServletContainer : Tomcat started on port(s): 8765 (http)
2018-09-12 15:46:32.093  INFO [eureka-client-feign,,,] 15120 --- [main] .s.c.n.e.s.EurekaAutoServiceRegistration : Updating port to 8765
2018-09-12 15:46:32.097  INFO [eureka-client-feign,,,] 15120 --- [main] c.f.e.EurekaClientFeignApplication       : Started EurekaClientFeignApplication in 26.033 seconds (JVM running for 27.583)
2018-09-12 15:46:32.145  INFO [eureka-client-feign,,,] 15120 --- [http-nio-8765-exec-1] o.a.c.c.C.[Tomcat].[localhost].[/]       : Initializing Spring FrameworkServlet 'dispatcherServlet'
2018-09-12 15:46:32.145  INFO [eureka-client-feign,,,] 15120 --- [http-nio-8765-exec-1] o.s.web.servlet.DispatcherServlet        : FrameworkServlet 'dispatcherServlet': initialization started
2018-09-12 15:46:32.212  INFO [eureka-client-feign,,,] 15120 --- [http-nio-8765-exec-1] o.s.web.servlet.DispatcherServlet        : FrameworkServlet 'dispatcherServlet': initialization completed in 67 ms
2018-09-12 15:46:32.665  INFO [eureka-client-feign,,,] 15120 --- [RMI TCP Connection(9)-169.254.215.185] c.c.c.ConfigServicePropertySourceLocator : Fetching config from server at: http://localhost:8767/
2018-09-12 15:46:34.131  INFO [eureka-client-feign,,,] 15120 --- [RMI TCP Connection(9)-169.254.215.185] c.c.c.ConfigServicePropertySourceLocator : Located environment: name=eureka-client-feign, profiles=[dev], label=null, version=null, state=null
2018-09-12 15:51:31.629  INFO [eureka-client-feign,,,] 15120 --- [AsyncResolver-bootstrap-executor-0] c.n.d.s.r.aws.ConfigClusterResolver      : Resolving eureka endpoints via configuration
2018-09-12 15:51:49.497  INFO [eureka-client-feign,9cc53ecbdfcb4eb6,9cc53ecbdfcb4eb6,false] 15120 --- [http-nio-8765-exec-8] c.c.c.ConfigServicePropertySourceLocator : Fetching config from server at: http://localhost:8767/
2018-09-12 15:51:50.913  INFO [eureka-client-feign,9cc53ecbdfcb4eb6,9cc53ecbdfcb4eb6,false] 15120 --- [http-nio-8765-exec-8] c.c.c.ConfigServicePropertySourceLocator : Located environment: name=eureka-client-feign, profiles=[dev], label=null, version=null, state=null
2018-09-12 15:56:31.632  INFO [eureka-client-feign,,,] 15120 --- [AsyncResolver-bootstrap-executor-0] c.n.d.s.r.aws.ConfigClusterResolver      : Resolving eureka endpoints via configuration
2018-09-12 15:56:49.499  INFO [eureka-client-feign,dfff1d805d6fe15e,dfff1d805d6fe15e,false] 15120 --- [http-nio-8765-exec-10] c.c.c.ConfigServicePropertySourceLocator : Fetching config from server at: http://localhost:8767/
2018-09-12 15:56:51.032  INFO [eureka-client-feign,dfff1d805d6fe15e,dfff1d805d6fe15e,false] 15120 --- [http-nio-8765-exec-10] c.c.c.ConfigServicePropertySourceLocator : Located environment: name=eureka-client-feign, profiles=[dev], label=null, version=null, state=null
2018-09-12 16:01:31.633  INFO [eureka-client-feign,,,] 15120 --- [AsyncResolver-bootstrap-executor-0] c.n.d.s.r.aws.ConfigClusterResolver      : Resolving eureka endpoints via configuration
2018-09-12 16:02:09.499  INFO [eureka-client-feign,eb5d83b2fdf63b03,eb5d83b2fdf63b03,false] 15120 --- [http-nio-8765-exec-4] c.c.c.ConfigServicePropertySourceLocator : Fetching config from server at: http://localhost:8767/
2018-09-12 16:02:10.979  INFO [eureka-client-feign,eb5d83b2fdf63b03,eb5d83b2fdf63b03,false] 15120 --- [http-nio-8765-exec-4] c.c.c.ConfigServicePropertySourceLocator : Located environment: name=eureka-client-feign, profiles=[dev], label=null, version=null, state=null
2018-09-12 16:06:31.635  INFO [eureka-client-feign,,,] 15120 --- [AsyncResolver-bootstrap-executor-0] c.n.d.s.r.aws.ConfigClusterResolver      : Resolving eureka endpoints via configuration
2018-09-12 16:07:29.501  INFO [eureka-client-feign,64034feea1965617,64034feea1965617,false] 15120 --- [http-nio-8765-exec-9] c.c.c.ConfigServicePropertySourceLocator : Fetching config from server at: http://localhost:8767/
2018-09-12 16:07:31.071  INFO [eureka-client-feign,64034feea1965617,64034feea1965617,false] 15120 --- [http-nio-8765-exec-9] c.c.c.ConfigServicePropertySourceLocator : Located environment: name=eureka-client-feign, profiles=[dev], label=null, version=null, state=null
2018-09-12 16:11:31.637  INFO [eureka-client-feign,,,] 15120 --- [AsyncResolver-bootstrap-executor-0] c.n.d.s.r.aws.ConfigClusterResolver      : Resolving eureka endpoints via configuration
2018-09-12 16:12:29.502  INFO [eureka-client-feign,b26b284547de313f,b26b284547de313f,false] 15120 --- [http-nio-8765-exec-7] c.c.c.ConfigServicePropertySourceLocator : Fetching config from server at: http://localhost:8767/
2018-09-12 16:12:30.987  INFO [eureka-client-feign,b26b284547de313f,b26b284547de313f,false] 15120 --- [http-nio-8765-exec-7] c.c.c.ConfigServicePropertySourceLocator : Located environment: name=eureka-client-feign, profiles=[dev], label=null, version=null, state=null
2018-09-12 16:16:13.029  INFO [eureka-client-feign,84f7872ecad5f532,0d3d542ba0337f51,true] 15120 --- [hystrix-eureka-client-one-1] s.c.a.AnnotationConfigApplicationContext : Refreshing org.springframework.context.annotation.AnnotationConfigApplicationContext@6105d35e: startup date [Wed Sep 12 16:16:13 CST 2018]; parent: org.springframework.boot.context.embedded.AnnotationConfigEmbeddedWebApplicationContext@421d54b3
2018-09-12 16:16:13.081  INFO [eureka-client-feign,84f7872ecad5f532,0d3d542ba0337f51,true] 15120 --- [hystrix-eureka-client-one-1] f.a.AutowiredAnnotationBeanPostProcessor : JSR-330 'javax.inject.Inject' annotation found and supported for autowiring
2018-09-12 16:16:13.389  INFO [eureka-client-feign,84f7872ecad5f532,0d3d542ba0337f51,true] 15120 --- [hystrix-eureka-client-one-1] c.netflix.config.ChainedDynamicProperty  : Flipping property: eureka-client-one.ribbon.ActiveConnectionsLimit to use NEXT property: niws.loadbalancer.availabilityFilteringRule.activeConnectionsLimit = 2147483647
2018-09-12 16:16:13.445  INFO [eureka-client-feign,84f7872ecad5f532,0d3d542ba0337f51,true] 15120 --- [hystrix-eureka-client-one-1] c.n.u.concurrent.ShutdownEnabledTimer    : Shutdown hook installed for: NFLoadBalancer-PingTimer-eureka-client-one
2018-09-12 16:16:13.483  INFO [eureka-client-feign,84f7872ecad5f532,0d3d542ba0337f51,true] 15120 --- [hystrix-eureka-client-one-1] c.netflix.loadbalancer.BaseLoadBalancer  : Client: eureka-client-one instantiated a LoadBalancer: DynamicServerListLoadBalancer:{NFLoadBalancer:name=eureka-client-one,current list of Servers=[],Load balancer stats=Zone stats: {},Server stats: []}ServerList:null
2018-09-12 16:16:13.493  INFO [eureka-client-feign,84f7872ecad5f532,0d3d542ba0337f51,true] 15120 --- [hystrix-eureka-client-one-1] c.n.l.DynamicServerListLoadBalancer      : Using serverListUpdater PollingServerListUpdater
2018-09-12 16:16:13.530  INFO [eureka-client-feign,84f7872ecad5f532,0d3d542ba0337f51,true] 15120 --- [hystrix-eureka-client-one-1] c.netflix.config.ChainedDynamicProperty  : Flipping property: eureka-client-one.ribbon.ActiveConnectionsLimit to use NEXT property: niws.loadbalancer.availabilityFilteringRule.activeConnectionsLimit = 2147483647
2018-09-12 16:16:13.533  INFO [eureka-client-feign,84f7872ecad5f532,0d3d542ba0337f51,true] 15120 --- [hystrix-eureka-client-one-1] c.n.l.DynamicServerListLoadBalancer      : DynamicServerListLoadBalancer for client eureka-client-one initialized: DynamicServerListLoadBalancer:{NFLoadBalancer:name=eureka-client-one,current list of Servers=[localhost:8762],Load balancer stats=Zone stats: {defaultzone=[Zone:defaultzone;	Instance count:1;	Active connections count: 0;	Circuit breaker tripped count: 0;	Active connections per server: 0.0;]
},Server stats: [[Server:localhost:8762;	Zone:defaultZone;	Total Requests:0;	Successive connection failure:0;	Total blackout seconds:0;	Last connection made:Thu Jan 01 08:00:00 CST 1970;	First connection made: Thu Jan 01 08:00:00 CST 1970;	Active Connections:0;	total failure count in last (1000) msecs:0;	average resp time:0.0;	90 percentile resp time:0.0;	95 percentile resp time:0.0;	min resp time:0.0;	max resp time:0.0;	stddev resp time:0.0]
]}ServerList:org.springframework.cloud.netflix.ribbon.eureka.DomainExtractingServerList@6d85f047
2018-09-12 16:16:14.498  INFO [eureka-client-feign,,,] 15120 --- [PollingServerListUpdater-0] c.netflix.config.ChainedDynamicProperty  : Flipping property: eureka-client-one.ribbon.ActiveConnectionsLimit to use NEXT property: niws.loadbalancer.availabilityFilteringRule.activeConnectionsLimit = 2147483647
2018-09-12 16:16:31.637  INFO [eureka-client-feign,,,] 15120 --- [AsyncResolver-bootstrap-executor-0] c.n.d.s.r.aws.ConfigClusterResolver      : Resolving eureka endpoints via configuration
2018-09-12 16:17:33.079  INFO [eureka-client-feign,c05435fb0d7725d8,c05435fb0d7725d8,false] 15120 --- [http-nio-8765-exec-3] c.c.c.ConfigServicePropertySourceLocator : Fetching config from server at: http://localhost:8767/
2018-09-12 16:17:34.528  INFO [eureka-client-feign,c05435fb0d7725d8,c05435fb0d7725d8,false] 15120 --- [http-nio-8765-exec-3] c.c.c.ConfigServicePropertySourceLocator : Located environment: name=eureka-client-feign, profiles=[dev], label=null, version=null, state=null
2018-09-12 16:18:17.353  INFO [eureka-client-feign,4c12a9ea749fbd04,2844cd95620cff23,true] 15120 --- [hystrix-eureka-client-two-1] s.c.a.AnnotationConfigApplicationContext : Refreshing org.springframework.context.annotation.AnnotationConfigApplicationContext@6b0cd520: startup date [Wed Sep 12 16:18:17 CST 2018]; parent: org.springframework.boot.context.embedded.AnnotationConfigEmbeddedWebApplicationContext@421d54b3
2018-09-12 16:18:17.386  INFO [eureka-client-feign,4c12a9ea749fbd04,2844cd95620cff23,true] 15120 --- [hystrix-eureka-client-two-1] f.a.AutowiredAnnotationBeanPostProcessor : JSR-330 'javax.inject.Inject' annotation found and supported for autowiring
2018-09-12 16:18:17.404  INFO [eureka-client-feign,4c12a9ea749fbd04,2844cd95620cff23,true] 15120 --- [hystrix-eureka-client-two-1] c.netflix.config.ChainedDynamicProperty  : Flipping property: eureka-client-two.ribbon.ActiveConnectionsLimit to use NEXT property: niws.loadbalancer.availabilityFilteringRule.activeConnectionsLimit = 2147483647
2018-09-12 16:18:17.406  INFO [eureka-client-feign,4c12a9ea749fbd04,2844cd95620cff23,true] 15120 --- [hystrix-eureka-client-two-1] c.n.u.concurrent.ShutdownEnabledTimer    : Shutdown hook installed for: NFLoadBalancer-PingTimer-eureka-client-two
2018-09-12 16:18:17.408  INFO [eureka-client-feign,4c12a9ea749fbd04,2844cd95620cff23,true] 15120 --- [hystrix-eureka-client-two-1] c.netflix.loadbalancer.BaseLoadBalancer  : Client: eureka-client-two instantiated a LoadBalancer: DynamicServerListLoadBalancer:{NFLoadBalancer:name=eureka-client-two,current list of Servers=[],Load balancer stats=Zone stats: {},Server stats: []}ServerList:null
2018-09-12 16:18:17.409  INFO [eureka-client-feign,4c12a9ea749fbd04,2844cd95620cff23,true] 15120 --- [hystrix-eureka-client-two-1] c.n.l.DynamicServerListLoadBalancer      : Using serverListUpdater PollingServerListUpdater
2018-09-12 16:18:17.410  INFO [eureka-client-feign,4c12a9ea749fbd04,2844cd95620cff23,true] 15120 --- [hystrix-eureka-client-two-1] c.netflix.config.ChainedDynamicProperty  : Flipping property: eureka-client-two.ribbon.ActiveConnectionsLimit to use NEXT property: niws.loadbalancer.availabilityFilteringRule.activeConnectionsLimit = 2147483647
2018-09-12 16:18:17.411  INFO [eureka-client-feign,4c12a9ea749fbd04,2844cd95620cff23,true] 15120 --- [hystrix-eureka-client-two-1] c.n.l.DynamicServerListLoadBalancer      : DynamicServerListLoadBalancer for client eureka-client-two initialized: DynamicServerListLoadBalancer:{NFLoadBalancer:name=eureka-client-two,current list of Servers=[localhost:8763],Load balancer stats=Zone stats: {defaultzone=[Zone:defaultzone;	Instance count:1;	Active connections count: 0;	Circuit breaker tripped count: 0;	Active connections per server: 0.0;]
},Server stats: [[Server:localhost:8763;	Zone:defaultZone;	Total Requests:0;	Successive connection failure:0;	Total blackout seconds:0;	Last connection made:Thu Jan 01 08:00:00 CST 1970;	First connection made: Thu Jan 01 08:00:00 CST 1970;	Active Connections:0;	total failure count in last (1000) msecs:0;	average resp time:0.0;	90 percentile resp time:0.0;	95 percentile resp time:0.0;	min resp time:0.0;	max resp time:0.0;	stddev resp time:0.0]
]}ServerList:org.springframework.cloud.netflix.ribbon.eureka.DomainExtractingServerList@7370cec0
2018-09-12 16:18:18.410  INFO [eureka-client-feign,,,] 15120 --- [PollingServerListUpdater-0] c.netflix.config.ChainedDynamicProperty  : Flipping property: eureka-client-two.ribbon.ActiveConnectionsLimit to use NEXT property: niws.loadbalancer.availabilityFilteringRule.activeConnectionsLimit = 2147483647
2018-09-12 16:21:31.639  INFO [eureka-client-feign,,,] 15120 --- [AsyncResolver-bootstrap-executor-0] c.n.d.s.r.aws.ConfigClusterResolver      : Resolving eureka endpoints via configuration
2018-09-12 16:22:33.082  INFO [eureka-client-feign,e59d8b8d62e1b568,e59d8b8d62e1b568,false] 15120 --- [http-nio-8765-exec-7] c.c.c.ConfigServicePropertySourceLocator : Fetching config from server at: http://localhost:8767/
2018-09-12 16:22:34.635  INFO [eureka-client-feign,e59d8b8d62e1b568,e59d8b8d62e1b568,false] 15120 --- [http-nio-8765-exec-7] c.c.c.ConfigServicePropertySourceLocator : Located environment: name=eureka-client-feign, profiles=[dev], label=null, version=null, state=null
2018-09-12 16:26:31.640  INFO [eureka-client-feign,,,] 15120 --- [AsyncResolver-bootstrap-executor-0] c.n.d.s.r.aws.ConfigClusterResolver      : Resolving eureka endpoints via configuration
2018-09-12 16:27:43.109  INFO [eureka-client-feign,ed73cc83c103e006,ed73cc83c103e006,false] 15120 --- [http-nio-8765-exec-1] c.c.c.ConfigServicePropertySourceLocator : Fetching config from server at: http://localhost:8767/
2018-09-12 16:27:44.577  INFO [eureka-client-feign,ed73cc83c103e006,ed73cc83c103e006,false] 15120 --- [http-nio-8765-exec-1] c.c.c.ConfigServicePropertySourceLocator : Located environment: name=eureka-client-feign, profiles=[dev], label=null, version=null, state=null
2018-09-12 16:30:17.669  WARN [eureka-client-feign,5c2a05ae4c415592,5c2a05ae4c415592,true] 15120 --- [http-nio-8765-exec-4] o.s.web.servlet.PageNotFound             : Request method 'HEAD' not supported
2018-09-12 16:31:31.642  INFO [eureka-client-feign,,,] 15120 --- [AsyncResolver-bootstrap-executor-0] c.n.d.s.r.aws.ConfigClusterResolver      : Resolving eureka endpoints via configuration
2018-09-12 16:32:43.108  INFO [eureka-client-feign,0c7d1f6413f8b41f,0c7d1f6413f8b41f,false] 15120 --- [http-nio-8765-exec-3] c.c.c.ConfigServicePropertySourceLocator : Fetching config from server at: http://localhost:8767/
2018-09-12 16:32:44.567  INFO [eureka-client-feign,0c7d1f6413f8b41f,0c7d1f6413f8b41f,false] 15120 --- [http-nio-8765-exec-3] c.c.c.ConfigServicePropertySourceLocator : Located environment: name=eureka-client-feign, profiles=[dev], label=null, version=null, state=null
2018-09-12 16:36:31.644  INFO [eureka-client-feign,,,] 15120 --- [AsyncResolver-bootstrap-executor-0] c.n.d.s.r.aws.ConfigClusterResolver      : Resolving eureka endpoints via configuration
2018-09-12 16:37:43.110  INFO [eureka-client-feign,e29ea3e923951e17,e29ea3e923951e17,false] 15120 --- [http-nio-8765-exec-13] c.c.c.ConfigServicePropertySourceLocator : Fetching config from server at: http://localhost:8767/
2018-09-12 16:37:44.613  INFO [eureka-client-feign,e29ea3e923951e17,e29ea3e923951e17,false] 15120 --- [http-nio-8765-exec-13] c.c.c.ConfigServicePropertySourceLocator : Located environment: name=eureka-client-feign, profiles=[dev], label=null, version=null, state=null
2018-09-12 16:41:31.646  INFO [eureka-client-feign,,,] 15120 --- [AsyncResolver-bootstrap-executor-0] c.n.d.s.r.aws.ConfigClusterResolver      : Resolving eureka endpoints via configuration
2018-09-12 16:43:03.109  INFO [eureka-client-feign,edcae514360ca1d3,edcae514360ca1d3,false] 15120 --- [http-nio-8765-exec-8] c.c.c.ConfigServicePropertySourceLocator : Fetching config from server at: http://localhost:8767/
2018-09-12 16:43:04.552  INFO [eureka-client-feign,edcae514360ca1d3,edcae514360ca1d3,false] 15120 --- [http-nio-8765-exec-8] c.c.c.ConfigServicePropertySourceLocator : Located environment: name=eureka-client-feign, profiles=[dev], label=null, version=null, state=null
2018-09-12 16:46:31.648  INFO [eureka-client-feign,,,] 15120 --- [AsyncResolver-bootstrap-executor-0] c.n.d.s.r.aws.ConfigClusterResolver      : Resolving eureka endpoints via configuration
2018-09-12 16:48:03.108  INFO [eureka-client-feign,ce9dd5e1a1925afa,ce9dd5e1a1925afa,false] 15120 --- [http-nio-8765-exec-5] c.c.c.ConfigServicePropertySourceLocator : Fetching config from server at: http://localhost:8767/
2018-09-12 16:48:04.554  INFO [eureka-client-feign,ce9dd5e1a1925afa,ce9dd5e1a1925afa,false] 15120 --- [http-nio-8765-exec-5] c.c.c.ConfigServicePropertySourceLocator : Located environment: name=eureka-client-feign, profiles=[dev], label=null, version=null, state=null
2018-09-12 16:51:31.650  INFO [eureka-client-feign,,,] 15120 --- [AsyncResolver-bootstrap-executor-0] c.n.d.s.r.aws.ConfigClusterResolver      : Resolving eureka endpoints via configuration
2018-09-12 16:53:03.112  INFO [eureka-client-feign,6b5036546e44d213,6b5036546e44d213,false] 15120 --- [http-nio-8765-exec-14] c.c.c.ConfigServicePropertySourceLocator : Fetching config from server at: http://localhost:8767/
2018-09-12 16:53:04.597  INFO [eureka-client-feign,6b5036546e44d213,6b5036546e44d213,false] 15120 --- [http-nio-8765-exec-14] c.c.c.ConfigServicePropertySourceLocator : Located environment: name=eureka-client-feign, profiles=[dev], label=null, version=null, state=null
2018-09-12 16:56:31.651  INFO [eureka-client-feign,,,] 15120 --- [AsyncResolver-bootstrap-executor-0] c.n.d.s.r.aws.ConfigClusterResolver      : Resolving eureka endpoints via configuration
2018-09-12 16:58:23.112  INFO [eureka-client-feign,51d03cfac1c642d0,51d03cfac1c642d0,false] 15120 --- [http-nio-8765-exec-1] c.c.c.ConfigServicePropertySourceLocator : Fetching config from server at: http://localhost:8767/
2018-09-12 16:58:24.586  INFO [eureka-client-feign,51d03cfac1c642d0,51d03cfac1c642d0,false] 15120 --- [http-nio-8765-exec-1] c.c.c.ConfigServicePropertySourceLocator : Located environment: name=eureka-client-feign, profiles=[dev], label=null, version=null, state=null
2018-09-12 17:01:31.652  INFO [eureka-client-feign,,,] 15120 --- [AsyncResolver-bootstrap-executor-0] c.n.d.s.r.aws.ConfigClusterResolver      : Resolving eureka endpoints via configuration
2018-09-12 17:03:43.110  INFO [eureka-client-feign,b12d712b73cff91a,b12d712b73cff91a,false] 15120 --- [http-nio-8765-exec-3] c.c.c.ConfigServicePropertySourceLocator : Fetching config from server at: http://localhost:8767/
2018-09-12 17:03:44.545  INFO [eureka-client-feign,b12d712b73cff91a,b12d712b73cff91a,false] 15120 --- [http-nio-8765-exec-3] c.c.c.ConfigServicePropertySourceLocator : Located environment: name=eureka-client-feign, profiles=[dev], label=null, version=null, state=null
2018-09-12 17:06:31.653  INFO [eureka-client-feign,,,] 15120 --- [AsyncResolver-bootstrap-executor-0] c.n.d.s.r.aws.ConfigClusterResolver      : Resolving eureka endpoints via configuration
2018-09-12 17:08:43.109  INFO [eureka-client-feign,9c27c04caeea896b,9c27c04caeea896b,false] 15120 --- [http-nio-8765-exec-6] c.c.c.ConfigServicePropertySourceLocator : Fetching config from server at: http://localhost:8767/
2018-09-12 17:08:44.535  INFO [eureka-client-feign,9c27c04caeea896b,9c27c04caeea896b,false] 15120 --- [http-nio-8765-exec-6] c.c.c.ConfigServicePropertySourceLocator : Located environment: name=eureka-client-feign, profiles=[dev], label=null, version=null, state=null
2018-09-12 17:11:31.655  INFO [eureka-client-feign,,,] 15120 --- [AsyncResolver-bootstrap-executor-0] c.n.d.s.r.aws.ConfigClusterResolver      : Resolving eureka endpoints via configuration
2018-09-12 17:13:43.111  INFO [eureka-client-feign,95cf195c3c08e96e,95cf195c3c08e96e,false] 15120 --- [http-nio-8765-exec-11] c.c.c.ConfigServicePropertySourceLocator : Fetching config from server at: http://localhost:8767/
2018-09-12 17:13:44.518  INFO [eureka-client-feign,95cf195c3c08e96e,95cf195c3c08e96e,false] 15120 --- [http-nio-8765-exec-11] c.c.c.ConfigServicePropertySourceLocator : Located environment: name=eureka-client-feign, profiles=[dev], label=null, version=null, state=null
2018-09-12 17:16:31.656  INFO [eureka-client-feign,,,] 15120 --- [AsyncResolver-bootstrap-executor-0] c.n.d.s.r.aws.ConfigClusterResolver      : Resolving eureka endpoints via configuration
2018-09-12 17:19:03.109  INFO [eureka-client-feign,9175e3cb45bdd04e,9175e3cb45bdd04e,false] 15120 --- [http-nio-8765-exec-14] c.c.c.ConfigServicePropertySourceLocator : Fetching config from server at: http://localhost:8767/
2018-09-12 17:19:04.531  INFO [eureka-client-feign,9175e3cb45bdd04e,9175e3cb45bdd04e,false] 15120 --- [http-nio-8765-exec-14] c.c.c.ConfigServicePropertySourceLocator : Located environment: name=eureka-client-feign, profiles=[dev], label=null, version=null, state=null
2018-09-12 17:21:31.657  INFO [eureka-client-feign,,,] 15120 --- [AsyncResolver-bootstrap-executor-0] c.n.d.s.r.aws.ConfigClusterResolver      : Resolving eureka endpoints via configuration
2018-09-12 17:24:23.108  INFO [eureka-client-feign,6858c9548703bd48,6858c9548703bd48,false] 15120 --- [http-nio-8765-exec-8] c.c.c.ConfigServicePropertySourceLocator : Fetching config from server at: http://localhost:8767/
2018-09-12 17:24:24.539  INFO [eureka-client-feign,6858c9548703bd48,6858c9548703bd48,false] 15120 --- [http-nio-8765-exec-8] c.c.c.ConfigServicePropertySourceLocator : Located environment: name=eureka-client-feign, profiles=[dev], label=null, version=null, state=null
2018-09-12 17:26:31.659  INFO [eureka-client-feign,,,] 15120 --- [AsyncResolver-bootstrap-executor-0] c.n.d.s.r.aws.ConfigClusterResolver      : Resolving eureka endpoints via configuration
2018-09-12 17:29:43.110  INFO [eureka-client-feign,25f3832f15d7bab6,25f3832f15d7bab6,false] 15120 --- [http-nio-8765-exec-1] c.c.c.ConfigServicePropertySourceLocator : Fetching config from server at: http://localhost:8767/
2018-09-12 17:29:44.526  INFO [eureka-client-feign,25f3832f15d7bab6,25f3832f15d7bab6,false] 15120 --- [http-nio-8765-exec-1] c.c.c.ConfigServicePropertySourceLocator : Located environment: name=eureka-client-feign, profiles=[dev], label=null, version=null, state=null
2018-09-12 17:31:31.661  INFO [eureka-client-feign,,,] 15120 --- [AsyncResolver-bootstrap-executor-0] c.n.d.s.r.aws.ConfigClusterResolver      : Resolving eureka endpoints via configuration
2018-09-12 17:35:03.107  INFO [eureka-client-feign,69adfe06ade674b7,69adfe06ade674b7,false] 15120 --- [http-nio-8765-exec-4] c.c.c.ConfigServicePropertySourceLocator : Fetching config from server at: http://localhost:8767/
2018-09-12 17:35:04.520  INFO [eureka-client-feign,69adfe06ade674b7,69adfe06ade674b7,false] 15120 --- [http-nio-8765-exec-4] c.c.c.ConfigServicePropertySourceLocator : Located environment: name=eureka-client-feign, profiles=[dev], label=null, version=null, state=null
2018-09-12 17:36:31.663  INFO [eureka-client-feign,,,] 15120 --- [AsyncResolver-bootstrap-executor-0] c.n.d.s.r.aws.ConfigClusterResolver      : Resolving eureka endpoints via configuration
2018-09-12 17:40:03.109  INFO [eureka-client-feign,1e59663b83ce3650,1e59663b83ce3650,false] 15120 --- [http-nio-8765-exec-2] c.c.c.ConfigServicePropertySourceLocator : Fetching config from server at: http://localhost:8767/
2018-09-12 17:40:04.573  INFO [eureka-client-feign,1e59663b83ce3650,1e59663b83ce3650,false] 15120 --- [http-nio-8765-exec-2] c.c.c.ConfigServicePropertySourceLocator : Located environment: name=eureka-client-feign, profiles=[dev], label=null, version=null, state=null
2018-09-12 17:41:31.664  INFO [eureka-client-feign,,,] 15120 --- [AsyncResolver-bootstrap-executor-0] c.n.d.s.r.aws.ConfigClusterResolver      : Resolving eureka endpoints via configuration
2018-09-12 17:45:03.108  INFO [eureka-client-feign,a0b6e3b4cb799111,a0b6e3b4cb799111,false] 15120 --- [http-nio-8765-exec-14] c.c.c.ConfigServicePropertySourceLocator : Fetching config from server at: http://localhost:8767/
2018-09-12 17:45:04.520  INFO [eureka-client-feign,a0b6e3b4cb799111,a0b6e3b4cb799111,false] 15120 --- [http-nio-8765-exec-14] c.c.c.ConfigServicePropertySourceLocator : Located environment: name=eureka-client-feign, profiles=[dev], label=null, version=null, state=null
2018-09-12 17:46:31.666  INFO [eureka-client-feign,,,] 15120 --- [AsyncResolver-bootstrap-executor-0] c.n.d.s.r.aws.ConfigClusterResolver      : Resolving eureka endpoints via configuration
2018-09-12 17:50:23.110  INFO [eureka-client-feign,7582ca844e1c3003,7582ca844e1c3003,false] 15120 --- [http-nio-8765-exec-8] c.c.c.ConfigServicePropertySourceLocator : Fetching config from server at: http://localhost:8767/
2018-09-12 17:50:24.521  INFO [eureka-client-feign,7582ca844e1c3003,7582ca844e1c3003,false] 15120 --- [http-nio-8765-exec-8] c.c.c.ConfigServicePropertySourceLocator : Located environment: name=eureka-client-feign, profiles=[dev], label=null, version=null, state=null
2018-09-12 17:51:31.668  INFO [eureka-client-feign,,,] 15120 --- [AsyncResolver-bootstrap-executor-0] c.n.d.s.r.aws.ConfigClusterResolver      : Resolving eureka endpoints via configuration
2018-09-12 17:55:43.109  INFO [eureka-client-feign,a1beee13db86a732,a1beee13db86a732,false] 15120 --- [http-nio-8765-exec-1] c.c.c.ConfigServicePropertySourceLocator : Fetching config from server at: http://localhost:8767/
2018-09-12 17:55:44.535  INFO [eureka-client-feign,a1beee13db86a732,a1beee13db86a732,false] 15120 --- [http-nio-8765-exec-1] c.c.c.ConfigServicePropertySourceLocator : Located environment: name=eureka-client-feign, profiles=[dev], label=null, version=null, state=null
2018-09-12 17:56:31.677  INFO [eureka-client-feign,,,] 15120 --- [AsyncResolver-bootstrap-executor-0] c.n.d.s.r.aws.ConfigClusterResolver      : Resolving eureka endpoints via configuration
2018-09-12 18:00:43.120  INFO [eureka-client-feign,a5638ac3bb7c4a30,a5638ac3bb7c4a30,false] 15120 --- [http-nio-8765-exec-14] c.c.c.ConfigServicePropertySourceLocator : Fetching config from server at: http://localhost:8767/
2018-09-12 18:00:44.515  INFO [eureka-client-feign,a5638ac3bb7c4a30,a5638ac3bb7c4a30,false] 15120 --- [http-nio-8765-exec-14] c.c.c.ConfigServicePropertySourceLocator : Located environment: name=eureka-client-feign, profiles=[dev], label=null, version=null, state=null
2018-09-12 18:01:31.692  INFO [eureka-client-feign,,,] 15120 --- [AsyncResolver-bootstrap-executor-0] c.n.d.s.r.aws.ConfigClusterResolver      : Resolving eureka endpoints via configuration
2018-09-12 18:06:03.119  INFO [eureka-client-feign,2be5c32cb43bb6d1,2be5c32cb43bb6d1,false] 15120 --- [http-nio-8765-exec-14] c.c.c.ConfigServicePropertySourceLocator : Fetching config from server at: http://localhost:8767/
2018-09-12 18:06:04.561  INFO [eureka-client-feign,2be5c32cb43bb6d1,2be5c32cb43bb6d1,false] 15120 --- [http-nio-8765-exec-14] c.c.c.ConfigServicePropertySourceLocator : Located environment: name=eureka-client-feign, profiles=[dev], label=null, version=null, state=null
2018-09-12 18:06:31.703  INFO [eureka-client-feign,,,] 15120 --- [AsyncResolver-bootstrap-executor-0] c.n.d.s.r.aws.ConfigClusterResolver      : Resolving eureka endpoints via configuration
2018-09-12 18:11:03.116  INFO [eureka-client-feign,2ced734f6ce64e17,2ced734f6ce64e17,false] 15120 --- [http-nio-8765-exec-4] c.c.c.ConfigServicePropertySourceLocator : Fetching config from server at: http://localhost:8767/
2018-09-12 18:11:04.541  INFO [eureka-client-feign,2ced734f6ce64e17,2ced734f6ce64e17,false] 15120 --- [http-nio-8765-exec-4] c.c.c.ConfigServicePropertySourceLocator : Located environment: name=eureka-client-feign, profiles=[dev], label=null, version=null, state=null
2018-09-12 18:11:31.705  INFO [eureka-client-feign,,,] 15120 --- [AsyncResolver-bootstrap-executor-0] c.n.d.s.r.aws.ConfigClusterResolver      : Resolving eureka endpoints via configuration
2018-09-12 18:16:03.151  INFO [eureka-client-feign,2e486fc2e8149dff,2e486fc2e8149dff,false] 15120 --- [http-nio-8765-exec-8] c.c.c.ConfigServicePropertySourceLocator : Fetching config from server at: http://localhost:8767/
2018-09-12 18:16:04.548  INFO [eureka-client-feign,2e486fc2e8149dff,2e486fc2e8149dff,false] 15120 --- [http-nio-8765-exec-8] c.c.c.ConfigServicePropertySourceLocator : Located environment: name=eureka-client-feign, profiles=[dev], label=null, version=null, state=null
2018-09-12 18:16:31.711  INFO [eureka-client-feign,,,] 15120 --- [AsyncResolver-bootstrap-executor-0] c.n.d.s.r.aws.ConfigClusterResolver      : Resolving eureka endpoints via configuration
2018-09-12 18:21:13.156  INFO [eureka-client-feign,522932f631eb8fff,522932f631eb8fff,false] 15120 --- [http-nio-8765-exec-2] c.c.c.ConfigServicePropertySourceLocator : Fetching config from server at: http://localhost:8767/
2018-09-12 18:21:14.598  INFO [eureka-client-feign,522932f631eb8fff,522932f631eb8fff,false] 15120 --- [http-nio-8765-exec-2] c.c.c.ConfigServicePropertySourceLocator : Located environment: name=eureka-client-feign, profiles=[dev], label=null, version=null, state=null
2018-09-12 18:21:31.714  INFO [eureka-client-feign,,,] 15120 --- [AsyncResolver-bootstrap-executor-0] c.n.d.s.r.aws.ConfigClusterResolver      : Resolving eureka endpoints via configuration
2018-09-12 18:26:31.726  INFO [eureka-client-feign,,,] 15120 --- [AsyncResolver-bootstrap-executor-0] c.n.d.s.r.aws.ConfigClusterResolver      : Resolving eureka endpoints via configuration
2018-09-12 18:26:33.119  INFO [eureka-client-feign,49116a0063954079,49116a0063954079,false] 15120 --- [http-nio-8765-exec-3] c.c.c.ConfigServicePropertySourceLocator : Fetching config from server at: http://localhost:8767/
2018-09-12 18:26:34.515  INFO [eureka-client-feign,49116a0063954079,49116a0063954079,false] 15120 --- [http-nio-8765-exec-3] c.c.c.ConfigServicePropertySourceLocator : Located environment: name=eureka-client-feign, profiles=[dev], label=null, version=null, state=null
2018-09-12 18:31:31.741  INFO [eureka-client-feign,,,] 15120 --- [AsyncResolver-bootstrap-executor-0] c.n.d.s.r.aws.ConfigClusterResolver      : Resolving eureka endpoints via configuration
2018-09-12 18:31:53.114  INFO [eureka-client-feign,b888e12574fbc1c6,b888e12574fbc1c6,false] 15120 --- [http-nio-8765-exec-6] c.c.c.ConfigServicePropertySourceLocator : Fetching config from server at: http://localhost:8767/
2018-09-12 18:31:54.502  INFO [eureka-client-feign,b888e12574fbc1c6,b888e12574fbc1c6,false] 15120 --- [http-nio-8765-exec-6] c.c.c.ConfigServicePropertySourceLocator : Located environment: name=eureka-client-feign, profiles=[dev], label=null, version=null, state=null
2018-09-12 18:36:31.754  INFO [eureka-client-feign,,,] 15120 --- [AsyncResolver-bootstrap-executor-0] c.n.d.s.r.aws.ConfigClusterResolver      : Resolving eureka endpoints via configuration
2018-09-12 18:36:53.133  INFO [eureka-client-feign,da61c5a83dab971f,da61c5a83dab971f,false] 15120 --- [http-nio-8765-exec-3] c.c.c.ConfigServicePropertySourceLocator : Fetching config from server at: http://localhost:8767/
2018-09-12 18:36:54.512  INFO [eureka-client-feign,da61c5a83dab971f,da61c5a83dab971f,false] 15120 --- [http-nio-8765-exec-3] c.c.c.ConfigServicePropertySourceLocator : Located environment: name=eureka-client-feign, profiles=[dev], label=null, version=null, state=null
2018-09-12 18:41:31.756  INFO [eureka-client-feign,,,] 15120 --- [AsyncResolver-bootstrap-executor-0] c.n.d.s.r.aws.ConfigClusterResolver      : Resolving eureka endpoints via configuration
2018-09-12 18:41:53.125  INFO [eureka-client-feign,bdad139575d7c120,bdad139575d7c120,false] 15120 --- [http-nio-8765-exec-2] c.c.c.ConfigServicePropertySourceLocator : Fetching config from server at: http://localhost:8767/
2018-09-12 18:41:54.553  INFO [eureka-client-feign,bdad139575d7c120,bdad139575d7c120,false] 15120 --- [http-nio-8765-exec-2] c.c.c.ConfigServicePropertySourceLocator : Located environment: name=eureka-client-feign, profiles=[dev], label=null, version=null, state=null
2018-09-12 18:46:31.769  INFO [eureka-client-feign,,,] 15120 --- [AsyncResolver-bootstrap-executor-0] c.n.d.s.r.aws.ConfigClusterResolver      : Resolving eureka endpoints via configuration
2018-09-12 18:47:13.143  INFO [eureka-client-feign,34e4e3cd29381746,34e4e3cd29381746,false] 15120 --- [http-nio-8765-exec-6] c.c.c.ConfigServicePropertySourceLocator : Fetching config from server at: http://localhost:8767/
2018-09-12 18:47:14.569  INFO [eureka-client-feign,34e4e3cd29381746,34e4e3cd29381746,false] 15120 --- [http-nio-8765-exec-6] c.c.c.ConfigServicePropertySourceLocator : Located environment: name=eureka-client-feign, profiles=[dev], label=null, version=null, state=null
2018-09-12 18:51:31.779  INFO [eureka-client-feign,,,] 15120 --- [AsyncResolver-bootstrap-executor-0] c.n.d.s.r.aws.ConfigClusterResolver      : Resolving eureka endpoints via configuration
2018-09-12 18:52:13.129  INFO [eureka-client-feign,0862f6f9273ca00f,0862f6f9273ca00f,false] 15120 --- [http-nio-8765-exec-4] c.c.c.ConfigServicePropertySourceLocator : Fetching config from server at: http://localhost:8767/
2018-09-12 18:52:14.564  INFO [eureka-client-feign,0862f6f9273ca00f,0862f6f9273ca00f,false] 15120 --- [http-nio-8765-exec-4] c.c.c.ConfigServicePropertySourceLocator : Located environment: name=eureka-client-feign, profiles=[dev], label=null, version=null, state=null
2018-09-12 18:56:31.788  INFO [eureka-client-feign,,,] 15120 --- [AsyncResolver-bootstrap-executor-0] c.n.d.s.r.aws.ConfigClusterResolver      : Resolving eureka endpoints via configuration
2018-09-12 18:57:13.139  INFO [eureka-client-feign,19200e28493eb5ba,19200e28493eb5ba,false] 15120 --- [http-nio-8765-exec-6] c.c.c.ConfigServicePropertySourceLocator : Fetching config from server at: http://localhost:8767/
2018-09-12 18:57:14.549  INFO [eureka-client-feign,19200e28493eb5ba,19200e28493eb5ba,false] 15120 --- [http-nio-8765-exec-6] c.c.c.ConfigServicePropertySourceLocator : Located environment: name=eureka-client-feign, profiles=[dev], label=null, version=null, state=null
2018-09-12 19:01:31.794  INFO [eureka-client-feign,,,] 15120 --- [AsyncResolver-bootstrap-executor-0] c.n.d.s.r.aws.ConfigClusterResolver      : Resolving eureka endpoints via configuration
2018-09-12 19:02:33.125  INFO [eureka-client-feign,d342bd074821fd08,d342bd074821fd08,false] 15120 --- [http-nio-8765-exec-4] c.c.c.ConfigServicePropertySourceLocator : Fetching config from server at: http://localhost:8767/
2018-09-12 19:02:34.535  INFO [eureka-client-feign,d342bd074821fd08,d342bd074821fd08,false] 15120 --- [http-nio-8765-exec-4] c.c.c.ConfigServicePropertySourceLocator : Located environment: name=eureka-client-feign, profiles=[dev], label=null, version=null, state=null
2018-09-12 19:06:31.808  INFO [eureka-client-feign,,,] 15120 --- [AsyncResolver-bootstrap-executor-0] c.n.d.s.r.aws.ConfigClusterResolver      : Resolving eureka endpoints via configuration
2018-09-12 19:07:53.125  INFO [eureka-client-feign,e5201e568ac4fb8e,e5201e568ac4fb8e,false] 15120 --- [http-nio-8765-exec-14] c.c.c.ConfigServicePropertySourceLocator : Fetching config from server at: http://localhost:8767/
2018-09-12 19:07:54.535  INFO [eureka-client-feign,e5201e568ac4fb8e,e5201e568ac4fb8e,false] 15120 --- [http-nio-8765-exec-14] c.c.c.ConfigServicePropertySourceLocator : Located environment: name=eureka-client-feign, profiles=[dev], label=null, version=null, state=null
2018-09-12 19:11:31.812  INFO [eureka-client-feign,,,] 15120 --- [AsyncResolver-bootstrap-executor-0] c.n.d.s.r.aws.ConfigClusterResolver      : Resolving eureka endpoints via configuration
2018-09-12 19:13:13.119  INFO [eureka-client-feign,9cb6bf04e979c060,9cb6bf04e979c060,false] 15120 --- [http-nio-8765-exec-4] c.c.c.ConfigServicePropertySourceLocator : Fetching config from server at: http://localhost:8767/
2018-09-12 19:13:14.548  INFO [eureka-client-feign,9cb6bf04e979c060,9cb6bf04e979c060,false] 15120 --- [http-nio-8765-exec-4] c.c.c.ConfigServicePropertySourceLocator : Located environment: name=eureka-client-feign, profiles=[dev], label=null, version=null, state=null
2018-09-12 19:16:31.825  INFO [eureka-client-feign,,,] 15120 --- [AsyncResolver-bootstrap-executor-0] c.n.d.s.r.aws.ConfigClusterResolver      : Resolving eureka endpoints via configuration
2018-09-12 19:18:33.121  INFO [eureka-client-feign,b265c49769b03ff9,b265c49769b03ff9,false] 15120 --- [http-nio-8765-exec-14] c.c.c.ConfigServicePropertySourceLocator : Fetching config from server at: http://localhost:8767/
2018-09-12 19:18:34.548  INFO [eureka-client-feign,b265c49769b03ff9,b265c49769b03ff9,false] 15120 --- [http-nio-8765-exec-14] c.c.c.ConfigServicePropertySourceLocator : Located environment: name=eureka-client-feign, profiles=[dev], label=null, version=null, state=null
2018-09-12 19:21:31.826  INFO [eureka-client-feign,,,] 15120 --- [AsyncResolver-bootstrap-executor-0] c.n.d.s.r.aws.ConfigClusterResolver      : Resolving eureka endpoints via configuration
2018-09-12 19:23:53.130  INFO [eureka-client-feign,13dedc47ba8176aa,13dedc47ba8176aa,false] 15120 --- [http-nio-8765-exec-11] c.c.c.ConfigServicePropertySourceLocator : Fetching config from server at: http://localhost:8767/
2018-09-12 19:23:54.556  INFO [eureka-client-feign,13dedc47ba8176aa,13dedc47ba8176aa,false] 15120 --- [http-nio-8765-exec-11] c.c.c.ConfigServicePropertySourceLocator : Located environment: name=eureka-client-feign, profiles=[dev], label=null, version=null, state=null
2018-09-12 19:26:31.834  INFO [eureka-client-feign,,,] 15120 --- [AsyncResolver-bootstrap-executor-0] c.n.d.s.r.aws.ConfigClusterResolver      : Resolving eureka endpoints via configuration
2018-09-12 19:28:53.138  INFO [eureka-client-feign,4783c34fbe63e820,4783c34fbe63e820,false] 15120 --- [http-nio-8765-exec-1] c.c.c.ConfigServicePropertySourceLocator : Fetching config from server at: http://localhost:8767/
2018-09-12 19:28:54.597  INFO [eureka-client-feign,4783c34fbe63e820,4783c34fbe63e820,false] 15120 --- [http-nio-8765-exec-1] c.c.c.ConfigServicePropertySourceLocator : Located environment: name=eureka-client-feign, profiles=[dev], label=null, version=null, state=null
2018-09-12 19:31:31.849  INFO [eureka-client-feign,,,] 15120 --- [AsyncResolver-bootstrap-executor-0] c.n.d.s.r.aws.ConfigClusterResolver      : Resolving eureka endpoints via configuration
2018-09-12 19:34:13.136  INFO [eureka-client-feign,7abdb56dbfe666a9,7abdb56dbfe666a9,false] 15120 --- [http-nio-8765-exec-1] c.c.c.ConfigServicePropertySourceLocator : Fetching config from server at: http://localhost:8767/
2018-09-12 19:34:14.563  INFO [eureka-client-feign,7abdb56dbfe666a9,7abdb56dbfe666a9,false] 15120 --- [http-nio-8765-exec-1] c.c.c.ConfigServicePropertySourceLocator : Located environment: name=eureka-client-feign, profiles=[dev], label=null, version=null, state=null
2018-09-12 19:36:31.863  INFO [eureka-client-feign,,,] 15120 --- [AsyncResolver-bootstrap-executor-0] c.n.d.s.r.aws.ConfigClusterResolver      : Resolving eureka endpoints via configuration
2018-09-12 19:39:33.154  INFO [eureka-client-feign,289e6b220773d06f,289e6b220773d06f,false] 15120 --- [http-nio-8765-exec-1] c.c.c.ConfigServicePropertySourceLocator : Fetching config from server at: http://localhost:8767/
2018-09-12 19:39:34.628  INFO [eureka-client-feign,289e6b220773d06f,289e6b220773d06f,false] 15120 --- [http-nio-8765-exec-1] c.c.c.ConfigServicePropertySourceLocator : Located environment: name=eureka-client-feign, profiles=[dev], label=null, version=null, state=null
2018-09-12 19:41:31.870  INFO [eureka-client-feign,,,] 15120 --- [AsyncResolver-bootstrap-executor-0] c.n.d.s.r.aws.ConfigClusterResolver      : Resolving eureka endpoints via configuration
2018-09-12 19:44:53.113  INFO [eureka-client-feign,cd5b24baf870543c,cd5b24baf870543c,false] 15120 --- [http-nio-8765-exec-1] c.c.c.ConfigServicePropertySourceLocator : Fetching config from server at: http://localhost:8767/
2018-09-12 19:44:54.509  INFO [eureka-client-feign,cd5b24baf870543c,cd5b24baf870543c,false] 15120 --- [http-nio-8765-exec-1] c.c.c.ConfigServicePropertySourceLocator : Located environment: name=eureka-client-feign, profiles=[dev], label=null, version=null, state=null
2018-09-12 19:46:31.877  INFO [eureka-client-feign,,,] 15120 --- [AsyncResolver-bootstrap-executor-0] c.n.d.s.r.aws.ConfigClusterResolver      : Resolving eureka endpoints via configuration
2018-09-12 19:49:53.130  INFO [eureka-client-feign,a3e9e75a0de2be28,a3e9e75a0de2be28,false] 15120 --- [http-nio-8765-exec-11] c.c.c.ConfigServicePropertySourceLocator : Fetching config from server at: http://localhost:8767/
2018-09-12 19:49:54.556  INFO [eureka-client-feign,a3e9e75a0de2be28,a3e9e75a0de2be28,false] 15120 --- [http-nio-8765-exec-11] c.c.c.ConfigServicePropertySourceLocator : Located environment: name=eureka-client-feign, profiles=[dev], label=null, version=null, state=null
2018-09-12 19:51:31.881  INFO [eureka-client-feign,,,] 15120 --- [AsyncResolver-bootstrap-executor-0] c.n.d.s.r.aws.ConfigClusterResolver      : Resolving eureka endpoints via configuration
2018-09-12 19:55:13.114  INFO [eureka-client-feign,dbe0495dfacfdef0,dbe0495dfacfdef0,false] 15120 --- [http-nio-8765-exec-11] c.c.c.ConfigServicePropertySourceLocator : Fetching config from server at: http://localhost:8767/
2018-09-12 19:55:14.490  INFO [eureka-client-feign,dbe0495dfacfdef0,dbe0495dfacfdef0,false] 15120 --- [http-nio-8765-exec-11] c.c.c.ConfigServicePropertySourceLocator : Located environment: name=eureka-client-feign, profiles=[dev], label=null, version=null, state=null
2018-09-12 19:56:31.884  INFO [eureka-client-feign,,,] 15120 --- [AsyncResolver-bootstrap-executor-0] c.n.d.s.r.aws.ConfigClusterResolver      : Resolving eureka endpoints via configuration
2018-09-12 20:00:13.124  INFO [eureka-client-feign,330518c2e183332b,330518c2e183332b,false] 15120 --- [http-nio-8765-exec-1] c.c.c.ConfigServicePropertySourceLocator : Fetching config from server at: http://localhost:8767/
2018-09-12 20:00:14.505  INFO [eureka-client-feign,330518c2e183332b,330518c2e183332b,false] 15120 --- [http-nio-8765-exec-1] c.c.c.ConfigServicePropertySourceLocator : Located environment: name=eureka-client-feign, profiles=[dev], label=null, version=null, state=null
2018-09-12 20:01:31.898  INFO [eureka-client-feign,,,] 15120 --- [AsyncResolver-bootstrap-executor-0] c.n.d.s.r.aws.ConfigClusterResolver      : Resolving eureka endpoints via configuration
2018-09-12 20:05:33.114  INFO [eureka-client-feign,7e3a097a0a10b41d,7e3a097a0a10b41d,false] 15120 --- [http-nio-8765-exec-8] c.c.c.ConfigServicePropertySourceLocator : Fetching config from server at: http://localhost:8767/
2018-09-12 20:05:34.497  INFO [eureka-client-feign,7e3a097a0a10b41d,7e3a097a0a10b41d,false] 15120 --- [http-nio-8765-exec-8] c.c.c.ConfigServicePropertySourceLocator : Located environment: name=eureka-client-feign, profiles=[dev], label=null, version=null, state=null
2018-09-12 20:06:31.891  INFO [eureka-client-feign,,,] 15120 --- [AsyncResolver-bootstrap-executor-0] c.n.d.s.r.aws.ConfigClusterResolver      : Resolving eureka endpoints via configuration
