2018-09-12 15:41:18.810  INFO [eureka-client-two,,,] 1864 --- [main] c.f.e.EurekaClientTwoApplication         : No active profile set, falling back to default profiles: default
2018-09-12 15:41:18.828  INFO [eureka-client-two,,,] 1864 --- [main] ationConfigEmbeddedWebApplicationContext : Refreshing org.springframework.boot.context.embedded.AnnotationConfigEmbeddedWebApplicationContext@27abb83e: startup date [Wed Sep 12 15:41:18 CST 2018]; parent: org.springframework.context.annotation.AnnotationConfigApplicationContext@651aed93
2018-09-12 15:41:20.388  INFO [eureka-client-two,,,] 1864 --- [main] o.s.cloud.context.scope.GenericScope     : BeanFactory id=cbaa3845-743e-373f-9415-c1431602012a
2018-09-12 15:41:20.415  INFO [eureka-client-two,,,] 1864 --- [main] f.a.AutowiredAnnotationBeanPostProcessor : JSR-330 'javax.inject.Inject' annotation found and supported for autowiring
2018-09-12 15:41:20.555  INFO [eureka-client-two,,,] 1864 --- [main] trationDelegate$BeanPostProcessorChecker : Bean 'org.springframework.cloud.sleuth.instrument.async.AsyncDefaultAutoConfiguration$DefaultAsyncConfigurerSupport' of type [org.springframework.cloud.sleuth.instrument.async.AsyncDefaultAutoConfiguration$DefaultAsyncConfigurerSupport$$EnhancerBySpringCGLIB$$c2584574] is not eligible for getting processed by all BeanPostProcessors (for example: not eligible for auto-proxying)
2018-09-12 15:41:20.663  INFO [eureka-client-two,,,] 1864 --- [main] trationDelegate$BeanPostProcessorChecker : Bean 'org.springframework.cloud.sleuth.annotation.SleuthAnnotationAutoConfiguration' of type [org.springframework.cloud.sleuth.annotation.SleuthAnnotationAutoConfiguration$$EnhancerBySpringCGLIB$$877bede3] is not eligible for getting processed by all BeanPostProcessors (for example: not eligible for auto-proxying)
2018-09-12 15:41:20.861  INFO [eureka-client-two,,,] 1864 --- [main] trationDelegate$BeanPostProcessorChecker : Bean 'sleuthAdvisorConfig' of type [org.springframework.cloud.sleuth.annotation.SleuthAdvisorConfig] is not eligible for getting processed by all BeanPostProcessors (for example: not eligible for auto-proxying)
2018-09-12 15:41:20.871  INFO [eureka-client-two,,,] 1864 --- [main] trationDelegate$BeanPostProcessorChecker : Bean 'org.springframework.transaction.annotation.ProxyTransactionManagementConfiguration' of type [org.springframework.transaction.annotation.ProxyTransactionManagementConfiguration$$EnhancerBySpringCGLIB$$8516a7b1] is not eligible for getting processed by all BeanPostProcessors (for example: not eligible for auto-proxying)
2018-09-12 15:41:20.936  INFO [eureka-client-two,,,] 1864 --- [main] trationDelegate$BeanPostProcessorChecker : Bean 'org.springframework.cloud.netflix.metrics.MetricsInterceptorConfiguration$MetricsRestTemplateConfiguration' of type [org.springframework.cloud.netflix.metrics.MetricsInterceptorConfiguration$MetricsRestTemplateConfiguration$$EnhancerBySpringCGLIB$$b7434df2] is not eligible for getting processed by all BeanPostProcessors (for example: not eligible for auto-proxying)
2018-09-12 15:41:20.964  INFO [eureka-client-two,,,] 1864 --- [main] trationDelegate$BeanPostProcessorChecker : Bean 'org.springframework.cloud.autoconfigure.ConfigurationPropertiesRebinderAutoConfiguration' of type [org.springframework.cloud.autoconfigure.ConfigurationPropertiesRebinderAutoConfiguration$$EnhancerBySpringCGLIB$$a130aaae] is not eligible for getting processed by all BeanPostProcessors (for example: not eligible for auto-proxying)
2018-09-12 15:41:20.991  INFO [eureka-client-two,,,] 1864 --- [main] trationDelegate$BeanPostProcessorChecker : Bean 'org.springframework.cloud.sleuth.instrument.async.AsyncDefaultAutoConfiguration' of type [org.springframework.cloud.sleuth.instrument.async.AsyncDefaultAutoConfiguration$$EnhancerBySpringCGLIB$$6cfa53d0] is not eligible for getting processed by all BeanPostProcessors (for example: not eligible for auto-proxying)
2018-09-12 15:41:21.565  INFO [eureka-client-two,,,] 1864 --- [main] s.b.c.e.t.TomcatEmbeddedServletContainer : Tomcat initialized with port(s): 8763 (http)
2018-09-12 15:41:21.579  INFO [eureka-client-two,,,] 1864 --- [main] o.apache.catalina.core.StandardService   : Starting service Tomcat
2018-09-12 15:41:21.581  INFO [eureka-client-two,,,] 1864 --- [main] org.apache.catalina.core.StandardEngine  : Starting Servlet Engine: Apache Tomcat/8.5.14
2018-09-12 15:41:21.746  INFO [eureka-client-two,,,] 1864 --- [localhost-startStop-1] o.a.c.c.C.[Tomcat].[localhost].[/]       : Initializing Spring embedded WebApplicationContext
2018-09-12 15:41:21.748  INFO [eureka-client-two,,,] 1864 --- [localhost-startStop-1] o.s.web.context.ContextLoader            : Root WebApplicationContext: initialization completed in 2920 ms
2018-09-12 15:41:23.166  INFO [eureka-client-two,,,] 1864 --- [localhost-startStop-1] o.s.b.w.servlet.FilterRegistrationBean   : Mapping filter: 'metricsFilter' to: [/*]
2018-09-12 15:41:23.166  INFO [eureka-client-two,,,] 1864 --- [localhost-startStop-1] o.s.b.w.servlet.FilterRegistrationBean   : Mapping filter: 'characterEncodingFilter' to: [/*]
2018-09-12 15:41:23.167  INFO [eureka-client-two,,,] 1864 --- [localhost-startStop-1] o.s.b.w.servlet.FilterRegistrationBean   : Mapping filter: 'traceFilter' to: [/*]
2018-09-12 15:41:23.167  INFO [eureka-client-two,,,] 1864 --- [localhost-startStop-1] o.s.b.w.servlet.FilterRegistrationBean   : Mapping filter: 'hiddenHttpMethodFilter' to: [/*]
2018-09-12 15:41:23.167  INFO [eureka-client-two,,,] 1864 --- [localhost-startStop-1] o.s.b.w.servlet.FilterRegistrationBean   : Mapping filter: 'httpPutFormContentFilter' to: [/*]
2018-09-12 15:41:23.167  INFO [eureka-client-two,,,] 1864 --- [localhost-startStop-1] o.s.b.w.servlet.FilterRegistrationBean   : Mapping filter: 'requestContextFilter' to: [/*]
2018-09-12 15:41:23.167  INFO [eureka-client-two,,,] 1864 --- [localhost-startStop-1] o.s.b.w.servlet.FilterRegistrationBean   : Mapping filter: 'webRequestLoggingFilter' to: [/*]
2018-09-12 15:41:23.167  INFO [eureka-client-two,,,] 1864 --- [localhost-startStop-1] o.s.b.w.servlet.FilterRegistrationBean   : Mapping filter: 'applicationContextIdFilter' to: [/*]
2018-09-12 15:41:23.168  INFO [eureka-client-two,,,] 1864 --- [localhost-startStop-1] o.s.b.w.servlet.ServletRegistrationBean  : Mapping servlet: 'dispatcherServlet' to [/]
2018-09-12 15:41:25.240  INFO [eureka-client-two,,,] 1864 --- [main] o.s.cloud.commons.util.InetUtils         : Cannot determine local hostname
2018-09-12 15:41:26.662  INFO [eureka-client-two,,,] 1864 --- [main] o.a.c.c.C.[Tomcat].[localhost].[/]       : jolokia: No access restrictor found, access to any MBean is allowed
2018-09-12 15:41:27.088  INFO [eureka-client-two,,,] 1864 --- [main] s.w.s.m.m.a.RequestMappingHandlerAdapter : Looking for @ControllerAdvice: org.springframework.boot.context.embedded.AnnotationConfigEmbeddedWebApplicationContext@27abb83e: startup date [Wed Sep 12 15:41:18 CST 2018]; parent: org.springframework.context.annotation.AnnotationConfigApplicationContext@651aed93
2018-09-12 15:41:27.434  INFO [eureka-client-two,,,] 1864 --- [main] s.w.s.m.m.a.RequestMappingHandlerMapping : Mapped "{[/getHi],methods=[GET]}" onto public java.lang.String com.forezp.eurekaclienttwo.controller.HiController.getHi(java.lang.String)
2018-09-12 15:41:27.436  INFO [eureka-client-two,,,] 1864 --- [main] s.w.s.m.m.a.RequestMappingHandlerMapping : Mapped "{[/user/user/userId]}" onto public java.util.List<com.forezp.eurekaclienttwo.model.User> com.forezp.eurekaclienttwo.controller.UserController.findUserById(int,int,java.lang.String)
2018-09-12 15:41:27.437  INFO [eureka-client-two,,,] 1864 --- [main] s.w.s.m.m.a.RequestMappingHandlerMapping : Mapped "{[/user/insert]}" onto public java.lang.String com.forezp.eurekaclienttwo.controller.UserController.insertUser()
2018-09-12 15:41:27.439  INFO [eureka-client-two,,,] 1864 --- [main] s.w.s.m.m.a.RequestMappingHandlerMapping : Mapped "{[/error]}" onto public org.springframework.http.ResponseEntity<java.util.Map<java.lang.String, java.lang.Object>> org.springframework.boot.autoconfigure.web.BasicErrorController.error(javax.servlet.http.HttpServletRequest)
2018-09-12 15:41:27.440  INFO [eureka-client-two,,,] 1864 --- [main] s.w.s.m.m.a.RequestMappingHandlerMapping : Mapped "{[/error],produces=[text/html]}" onto public org.springframework.web.servlet.ModelAndView org.springframework.boot.autoconfigure.web.BasicErrorController.errorHtml(javax.servlet.http.HttpServletRequest,javax.servlet.http.HttpServletResponse)
2018-09-12 15:41:27.629  INFO [eureka-client-two,,,] 1864 --- [main] o.s.w.s.handler.SimpleUrlHandlerMapping  : Mapped URL path [/webjars/**] onto handler of type [class org.springframework.web.servlet.resource.ResourceHttpRequestHandler]
2018-09-12 15:41:27.629  INFO [eureka-client-two,,,] 1864 --- [main] o.s.w.s.handler.SimpleUrlHandlerMapping  : Mapped URL path [/**] onto handler of type [class org.springframework.web.servlet.resource.ResourceHttpRequestHandler]
2018-09-12 15:41:27.764  INFO [eureka-client-two,,,] 1864 --- [main] o.s.w.s.handler.SimpleUrlHandlerMapping  : Mapped URL path [/**/favicon.ico] onto handler of type [class org.springframework.web.servlet.resource.ResourceHttpRequestHandler]
2018-09-12 15:41:29.610  INFO [eureka-client-two,,,] 1864 --- [main] o.s.b.a.e.mvc.EndpointHandlerMapping     : Mapped "{[/pause || /pause.json],methods=[POST]}" onto public java.lang.Object org.springframework.cloud.endpoint.GenericPostableMvcEndpoint.invoke()
2018-09-12 15:41:29.611  INFO [eureka-client-two,,,] 1864 --- [main] o.s.b.a.e.mvc.EndpointHandlerMapping     : Mapped "{[/trace || /trace.json],methods=[GET],produces=[application/vnd.spring-boot.actuator.v1+json || application/json]}" onto public java.lang.Object org.springframework.boot.actuate.endpoint.mvc.EndpointMvcAdapter.invoke()
2018-09-12 15:41:29.611  INFO [eureka-client-two,,,] 1864 --- [main] o.s.b.a.e.mvc.EndpointHandlerMapping     : Mapped "{[/configprops || /configprops.json],methods=[GET],produces=[application/vnd.spring-boot.actuator.v1+json || application/json]}" onto public java.lang.Object org.springframework.boot.actuate.endpoint.mvc.EndpointMvcAdapter.invoke()
2018-09-12 15:41:29.612  INFO [eureka-client-two,,,] 1864 --- [main] o.s.b.a.e.mvc.EndpointHandlerMapping     : Mapped "{[/autoconfig || /autoconfig.json],methods=[GET],produces=[application/vnd.spring-boot.actuator.v1+json || application/json]}" onto public java.lang.Object org.springframework.boot.actuate.endpoint.mvc.EndpointMvcAdapter.invoke()
2018-09-12 15:41:29.615  INFO [eureka-client-two,,,] 1864 --- [main] o.s.b.a.e.mvc.EndpointHandlerMapping     : Mapped "{[/jolokia/**]}" onto public org.springframework.web.servlet.ModelAndView org.springframework.boot.actuate.endpoint.mvc.JolokiaMvcEndpoint.handle(javax.servlet.http.HttpServletRequest,javax.servlet.http.HttpServletResponse) throws java.lang.Exception
2018-09-12 15:41:29.615  INFO [eureka-client-two,,,] 1864 --- [main] o.s.b.a.e.mvc.EndpointHandlerMapping     : Mapped "{[/service-registry/instance-status],methods=[POST]}" onto public org.springframework.http.ResponseEntity<?> org.springframework.cloud.client.serviceregistry.endpoint.ServiceRegistryEndpoint.setStatus(java.lang.String)
2018-09-12 15:41:29.616  INFO [eureka-client-two,,,] 1864 --- [main] o.s.b.a.e.mvc.EndpointHandlerMapping     : Mapped "{[/service-registry/instance-status],methods=[GET]}" onto public org.springframework.http.ResponseEntity org.springframework.cloud.client.serviceregistry.endpoint.ServiceRegistryEndpoint.getStatus()
2018-09-12 15:41:29.616  INFO [eureka-client-two,,,] 1864 --- [main] o.s.b.a.e.mvc.EndpointHandlerMapping     : Mapped "{[/features || /features.json],methods=[GET],produces=[application/vnd.spring-boot.actuator.v1+json || application/json]}" onto public java.lang.Object org.springframework.boot.actuate.endpoint.mvc.EndpointMvcAdapter.invoke()
2018-09-12 15:41:29.617  INFO [eureka-client-two,,,] 1864 --- [main] o.s.b.a.e.mvc.EndpointHandlerMapping     : Mapped "{[/beans || /beans.json],methods=[GET],produces=[application/vnd.spring-boot.actuator.v1+json || application/json]}" onto public java.lang.Object org.springframework.boot.actuate.endpoint.mvc.EndpointMvcAdapter.invoke()
2018-09-12 15:41:29.617  INFO [eureka-client-two,,,] 1864 --- [main] o.s.b.a.e.mvc.EndpointHandlerMapping     : Mapped "{[/resume || /resume.json],methods=[POST]}" onto public java.lang.Object org.springframework.cloud.endpoint.GenericPostableMvcEndpoint.invoke()
2018-09-12 15:41:29.619  INFO [eureka-client-two,,,] 1864 --- [main] o.s.b.a.e.mvc.EndpointHandlerMapping     : Mapped "{[/dump || /dump.json],methods=[GET],produces=[application/vnd.spring-boot.actuator.v1+json || application/json]}" onto public java.lang.Object org.springframework.boot.actuate.endpoint.mvc.EndpointMvcAdapter.invoke()
2018-09-12 15:41:29.622  INFO [eureka-client-two,,,] 1864 --- [main] o.s.b.a.e.mvc.EndpointHandlerMapping     : Mapped "{[/refresh || /refresh.json],methods=[POST]}" onto public java.lang.Object org.springframework.cloud.endpoint.GenericPostableMvcEndpoint.invoke()
2018-09-12 15:41:29.623  INFO [eureka-client-two,,,] 1864 --- [main] o.s.b.a.e.mvc.EndpointHandlerMapping     : Mapped "{[/restart || /restart.json],methods=[POST]}" onto public java.lang.Object org.springframework.cloud.context.restart.RestartMvcEndpoint.invoke()
2018-09-12 15:41:29.624  INFO [eureka-client-two,,,] 1864 --- [main] o.s.b.a.e.mvc.EndpointHandlerMapping     : Mapped "{[/env/{name:.*}],methods=[GET],produces=[application/vnd.spring-boot.actuator.v1+json || application/json]}" onto public java.lang.Object org.springframework.boot.actuate.endpoint.mvc.EnvironmentMvcEndpoint.value(java.lang.String)
2018-09-12 15:41:29.624  INFO [eureka-client-two,,,] 1864 --- [main] o.s.b.a.e.mvc.EndpointHandlerMapping     : Mapped "{[/env || /env.json],methods=[GET],produces=[application/vnd.spring-boot.actuator.v1+json || application/json]}" onto public java.lang.Object org.springframework.boot.actuate.endpoint.mvc.EndpointMvcAdapter.invoke()
2018-09-12 15:41:29.625  INFO [eureka-client-two,,,] 1864 --- [main] o.s.b.a.e.mvc.EndpointHandlerMapping     : Mapped "{[/heapdump || /heapdump.json],methods=[GET],produces=[application/octet-stream]}" onto public void org.springframework.boot.actuate.endpoint.mvc.HeapdumpMvcEndpoint.invoke(boolean,javax.servlet.http.HttpServletRequest,javax.servlet.http.HttpServletResponse) throws java.io.IOException,javax.servlet.ServletException
2018-09-12 15:41:29.626  INFO [eureka-client-two,,,] 1864 --- [main] o.s.b.a.e.mvc.EndpointHandlerMapping     : Mapped "{[/metrics/{name:.*}],methods=[GET],produces=[application/vnd.spring-boot.actuator.v1+json || application/json]}" onto public java.lang.Object org.springframework.boot.actuate.endpoint.mvc.MetricsMvcEndpoint.value(java.lang.String)
2018-09-12 15:41:29.627  INFO [eureka-client-two,,,] 1864 --- [main] o.s.b.a.e.mvc.EndpointHandlerMapping     : Mapped "{[/metrics || /metrics.json],methods=[GET],produces=[application/vnd.spring-boot.actuator.v1+json || application/json]}" onto public java.lang.Object org.springframework.boot.actuate.endpoint.mvc.EndpointMvcAdapter.invoke()
2018-09-12 15:41:29.627  INFO [eureka-client-two,,,] 1864 --- [main] o.s.b.a.e.mvc.EndpointHandlerMapping     : Mapped "{[/info || /info.json],methods=[GET],produces=[application/vnd.spring-boot.actuator.v1+json || application/json]}" onto public java.lang.Object org.springframework.boot.actuate.endpoint.mvc.EndpointMvcAdapter.invoke()
2018-09-12 15:41:29.628  INFO [eureka-client-two,,,] 1864 --- [main] o.s.b.a.e.mvc.EndpointHandlerMapping     : Mapped "{[/archaius || /archaius.json],methods=[GET],produces=[application/vnd.spring-boot.actuator.v1+json || application/json]}" onto public java.lang.Object org.springframework.boot.actuate.endpoint.mvc.EndpointMvcAdapter.invoke()
2018-09-12 15:41:29.629  INFO [eureka-client-two,,,] 1864 --- [main] o.s.b.a.e.mvc.EndpointHandlerMapping     : Mapped "{[/health || /health.json],methods=[GET],produces=[application/vnd.spring-boot.actuator.v1+json || application/json]}" onto public java.lang.Object org.springframework.boot.actuate.endpoint.mvc.HealthMvcEndpoint.invoke(javax.servlet.http.HttpServletRequest,java.security.Principal)
2018-09-12 15:41:29.630  INFO [eureka-client-two,,,] 1864 --- [main] o.s.b.a.e.mvc.EndpointHandlerMapping     : Mapped "{[/mappings || /mappings.json],methods=[GET],produces=[application/vnd.spring-boot.actuator.v1+json || application/json]}" onto public java.lang.Object org.springframework.boot.actuate.endpoint.mvc.EndpointMvcAdapter.invoke()
2018-09-12 15:41:29.631  INFO [eureka-client-two,,,] 1864 --- [main] o.s.b.a.e.mvc.EndpointHandlerMapping     : Mapped "{[/auditevents || /auditevents.json],methods=[GET],produces=[application/vnd.spring-boot.actuator.v1+json || application/json]}" onto public org.springframework.http.ResponseEntity<?> org.springframework.boot.actuate.endpoint.mvc.AuditEventsMvcEndpoint.findByPrincipalAndAfterAndType(java.lang.String,java.util.Date,java.lang.String)
2018-09-12 15:41:29.631  INFO [eureka-client-two,,,] 1864 --- [main] o.s.b.a.e.mvc.EndpointHandlerMapping     : Mapped "{[/env],methods=[POST]}" onto public java.lang.Object org.springframework.cloud.context.environment.EnvironmentManagerMvcEndpoint.value(java.util.Map<java.lang.String, java.lang.String>)
2018-09-12 15:41:29.632  INFO [eureka-client-two,,,] 1864 --- [main] o.s.b.a.e.mvc.EndpointHandlerMapping     : Mapped "{[/env/reset],methods=[POST]}" onto public java.util.Map<java.lang.String, java.lang.Object> org.springframework.cloud.context.environment.EnvironmentManagerMvcEndpoint.reset()
2018-09-12 15:41:29.633  INFO [eureka-client-two,,,] 1864 --- [main] o.s.b.a.e.mvc.EndpointHandlerMapping     : Mapped "{[/loggers/{name:.*}],methods=[GET],produces=[application/vnd.spring-boot.actuator.v1+json || application/json]}" onto public java.lang.Object org.springframework.boot.actuate.endpoint.mvc.LoggersMvcEndpoint.get(java.lang.String)
2018-09-12 15:41:29.634  INFO [eureka-client-two,,,] 1864 --- [main] o.s.b.a.e.mvc.EndpointHandlerMapping     : Mapped "{[/loggers/{name:.*}],methods=[POST],consumes=[application/vnd.spring-boot.actuator.v1+json || application/json],produces=[application/vnd.spring-boot.actuator.v1+json || application/json]}" onto public java.lang.Object org.springframework.boot.actuate.endpoint.mvc.LoggersMvcEndpoint.set(java.lang.String,java.util.Map<java.lang.String, java.lang.String>)
2018-09-12 15:41:29.635  INFO [eureka-client-two,,,] 1864 --- [main] o.s.b.a.e.mvc.EndpointHandlerMapping     : Mapped "{[/loggers || /loggers.json],methods=[GET],produces=[application/vnd.spring-boot.actuator.v1+json || application/json]}" onto public java.lang.Object org.springframework.boot.actuate.endpoint.mvc.EndpointMvcAdapter.invoke()
2018-09-12 15:41:29.636  INFO [eureka-client-two,,,] 1864 --- [main] o.s.b.a.e.mvc.EndpointHandlerMapping     : Mapped "{[/logfile || /logfile.json],methods=[GET || HEAD]}" onto public void org.springframework.boot.actuate.endpoint.mvc.LogFileMvcEndpoint.invoke(javax.servlet.http.HttpServletRequest,javax.servlet.http.HttpServletResponse) throws javax.servlet.ServletException,java.io.IOException
2018-09-12 15:41:30.592  WARN [eureka-client-two,,,] 1864 --- [main] c.n.c.sources.URLConfigurationSource     : No URLs will be polled as dynamic configuration sources.
2018-09-12 15:41:30.592  INFO [eureka-client-two,,,] 1864 --- [main] c.n.c.sources.URLConfigurationSource     : To enable URLs as dynamic configuration sources, define System property archaius.configurationSource.additionalUrls or make config.properties available on classpath.
2018-09-12 15:41:30.597  WARN [eureka-client-two,,,] 1864 --- [main] c.n.c.sources.URLConfigurationSource     : No URLs will be polled as dynamic configuration sources.
2018-09-12 15:41:30.597  INFO [eureka-client-two,,,] 1864 --- [main] c.n.c.sources.URLConfigurationSource     : To enable URLs as dynamic configuration sources, define System property archaius.configurationSource.additionalUrls or make config.properties available on classpath.
2018-09-12 15:41:30.884  INFO [eureka-client-two,,,] 1864 --- [main] o.s.s.c.ThreadPoolTaskScheduler          : Initializing ExecutorService 
2018-09-12 15:41:31.249  INFO [eureka-client-two,,,] 1864 --- [main] o.s.j.e.a.AnnotationMBeanExporter        : Registering beans for JMX exposure on startup
2018-09-12 15:41:31.261  INFO [eureka-client-two,,,] 1864 --- [main] o.s.j.e.a.AnnotationMBeanExporter        : Bean with name 'environmentManager' has been autodetected for JMX exposure
2018-09-12 15:41:31.264  INFO [eureka-client-two,,,] 1864 --- [main] o.s.j.e.a.AnnotationMBeanExporter        : Bean with name 'configurationPropertiesRebinder' has been autodetected for JMX exposure
2018-09-12 15:41:31.264  INFO [eureka-client-two,,,] 1864 --- [main] o.s.j.e.a.AnnotationMBeanExporter        : Bean with name 'refreshEndpoint' has been autodetected for JMX exposure
2018-09-12 15:41:31.265  INFO [eureka-client-two,,,] 1864 --- [main] o.s.j.e.a.AnnotationMBeanExporter        : Bean with name 'restartEndpoint' has been autodetected for JMX exposure
2018-09-12 15:41:31.265  INFO [eureka-client-two,,,] 1864 --- [main] o.s.j.e.a.AnnotationMBeanExporter        : Bean with name 'serviceRegistryEndpoint' has been autodetected for JMX exposure
2018-09-12 15:41:31.267  INFO [eureka-client-two,,,] 1864 --- [main] o.s.j.e.a.AnnotationMBeanExporter        : Bean with name 'refreshScope' has been autodetected for JMX exposure
2018-09-12 15:41:31.270  INFO [eureka-client-two,,,] 1864 --- [main] o.s.j.e.a.AnnotationMBeanExporter        : Located managed bean 'environmentManager': registering with JMX server as MBean [org.springframework.cloud.context.environment:name=environmentManager,type=EnvironmentManager]
2018-09-12 15:41:31.283  INFO [eureka-client-two,,,] 1864 --- [main] o.s.j.e.a.AnnotationMBeanExporter        : Located managed bean 'restartEndpoint': registering with JMX server as MBean [org.springframework.cloud.context.restart:name=restartEndpoint,type=RestartEndpoint]
2018-09-12 15:41:31.296  INFO [eureka-client-two,,,] 1864 --- [main] o.s.j.e.a.AnnotationMBeanExporter        : Located managed bean 'serviceRegistryEndpoint': registering with JMX server as MBean [org.springframework.cloud.client.serviceregistry.endpoint:name=serviceRegistryEndpoint,type=ServiceRegistryEndpoint]
2018-09-12 15:41:31.303  INFO [eureka-client-two,,,] 1864 --- [main] o.s.j.e.a.AnnotationMBeanExporter        : Located managed bean 'refreshScope': registering with JMX server as MBean [org.springframework.cloud.context.scope.refresh:name=refreshScope,type=RefreshScope]
2018-09-12 15:41:31.318  INFO [eureka-client-two,,,] 1864 --- [main] o.s.j.e.a.AnnotationMBeanExporter        : Located managed bean 'configurationPropertiesRebinder': registering with JMX server as MBean [org.springframework.cloud.context.properties:name=configurationPropertiesRebinder,context=27abb83e,type=ConfigurationPropertiesRebinder]
2018-09-12 15:41:31.324  INFO [eureka-client-two,,,] 1864 --- [main] o.s.j.e.a.AnnotationMBeanExporter        : Located managed bean 'refreshEndpoint': registering with JMX server as MBean [org.springframework.cloud.endpoint:name=refreshEndpoint,type=RefreshEndpoint]
2018-09-12 15:41:31.769  INFO [eureka-client-two,,,] 1864 --- [main] o.a.c.c.C.[Tomcat].[localhost].[/]       : jolokia: No access restrictor found, access to any MBean is allowed
2018-09-12 15:41:31.774  INFO [eureka-client-two,,,] 1864 --- [main] o.a.c.c.C.[Tomcat].[localhost].[/]       : jolokia: jolokia:type=Config is already registered. Adding it with jolokia:type=Config,uuid=bf8f5498-6b6f-4bbe-9700-fd6e3fcaae14, but you should revise your setup in order to either use a qualifier or ensure, that only a single agent gets registered (otherwise history functionality might not work)
2018-09-12 15:41:31.774  INFO [eureka-client-two,,,] 1864 --- [main] o.a.c.c.C.[Tomcat].[localhost].[/]       : jolokia: Cannot register (legacy) MBean handler for config store with name jmx4perl:type=Config since it already exists. This is the case if another agent has been already started within the same JVM. The registration is skipped.
2018-09-12 15:41:31.775  INFO [eureka-client-two,,,] 1864 --- [main] o.a.c.c.C.[Tomcat].[localhost].[/]       : jolokia: Jolokia Discovery MBean registration is skipped because there is already one registered.
2018-09-12 15:41:31.829  INFO [eureka-client-two,,,] 1864 --- [main] o.s.c.support.DefaultLifecycleProcessor  : Starting beans in phase 0
2018-09-12 15:41:31.839  INFO [eureka-client-two,,,] 1864 --- [main] o.s.c.n.eureka.InstanceInfoFactory       : Setting initial instance status as: STARTING
2018-09-12 15:41:31.888  INFO [eureka-client-two,,,] 1864 --- [main] com.netflix.discovery.DiscoveryClient    : Initializing Eureka in region us-east-1
2018-09-12 15:41:32.061  INFO [eureka-client-two,,,] 1864 --- [main] c.n.d.provider.DiscoveryJerseyProvider   : Using JSON encoding codec LegacyJacksonJson
2018-09-12 15:41:32.061  INFO [eureka-client-two,,,] 1864 --- [main] c.n.d.provider.DiscoveryJerseyProvider   : Using JSON decoding codec LegacyJacksonJson
2018-09-12 15:41:32.185  INFO [eureka-client-two,,,] 1864 --- [main] c.n.d.provider.DiscoveryJerseyProvider   : Using XML encoding codec XStreamXml
2018-09-12 15:41:32.185  INFO [eureka-client-two,,,] 1864 --- [main] c.n.d.provider.DiscoveryJerseyProvider   : Using XML decoding codec XStreamXml
2018-09-12 15:41:32.433  INFO [eureka-client-two,,,] 1864 --- [main] c.n.d.s.r.aws.ConfigClusterResolver      : Resolving eureka endpoints via configuration
2018-09-12 15:41:32.695  INFO [eureka-client-two,,,] 1864 --- [main] com.netflix.discovery.DiscoveryClient    : Disable delta property : false
2018-09-12 15:41:32.696  INFO [eureka-client-two,,,] 1864 --- [main] com.netflix.discovery.DiscoveryClient    : Single vip registry refresh property : null
2018-09-12 15:41:32.696  INFO [eureka-client-two,,,] 1864 --- [main] com.netflix.discovery.DiscoveryClient    : Force full registry fetch : false
2018-09-12 15:41:32.696  INFO [eureka-client-two,,,] 1864 --- [main] com.netflix.discovery.DiscoveryClient    : Application is null : false
2018-09-12 15:41:32.696  INFO [eureka-client-two,,,] 1864 --- [main] com.netflix.discovery.DiscoveryClient    : Registered Applications size is zero : true
2018-09-12 15:41:32.697  INFO [eureka-client-two,,,] 1864 --- [main] com.netflix.discovery.DiscoveryClient    : Application version is -1: true
2018-09-12 15:41:32.697  INFO [eureka-client-two,,,] 1864 --- [main] com.netflix.discovery.DiscoveryClient    : Getting all instance registry info from the eureka server
2018-09-12 15:41:32.906  INFO [eureka-client-two,,,] 1864 --- [main] com.netflix.discovery.DiscoveryClient    : The response status is 200
2018-09-12 15:41:32.908  INFO [eureka-client-two,,,] 1864 --- [main] com.netflix.discovery.DiscoveryClient    : Starting heartbeat executor: renew interval is: 30
2018-09-12 15:41:32.911  INFO [eureka-client-two,,,] 1864 --- [main] c.n.discovery.InstanceInfoReplicator     : InstanceInfoReplicator onDemand update allowed rate per min is 4
2018-09-12 15:41:32.914  INFO [eureka-client-two,,,] 1864 --- [main] com.netflix.discovery.DiscoveryClient    : Discovery Client initialized at timestamp 1536738092914 with initial instances count: 9
2018-09-12 15:41:33.042  INFO [eureka-client-two,,,] 1864 --- [main] o.s.c.n.e.s.EurekaServiceRegistry        : Registering application eureka-client-two with eureka with status UP
2018-09-12 15:41:33.042  INFO [eureka-client-two,,,] 1864 --- [main] com.netflix.discovery.DiscoveryClient    : Saw local status change event StatusChangeEvent [timestamp=1536738093042, current=UP, previous=STARTING]
2018-09-12 15:41:33.045  INFO [eureka-client-two,,,] 1864 --- [DiscoveryClient-InstanceInfoReplicator-0] com.netflix.discovery.DiscoveryClient    : DiscoveryClient_EUREKA-CLIENT-TWO/localhost:eureka-client-two:8763: registering service...
2018-09-12 15:41:33.085  INFO [eureka-client-two,,,] 1864 --- [DiscoveryClient-InstanceInfoReplicator-0] com.netflix.discovery.DiscoveryClient    : DiscoveryClient_EUREKA-CLIENT-TWO/localhost:eureka-client-two:8763 - registration status: 204
2018-09-12 15:41:33.192  INFO [eureka-client-two,,,] 1864 --- [main] s.b.c.e.t.TomcatEmbeddedServletContainer : Tomcat started on port(s): 8763 (http)
2018-09-12 15:41:33.192  INFO [eureka-client-two,,,] 1864 --- [main] .s.c.n.e.s.EurekaAutoServiceRegistration : Updating port to 8763
2018-09-12 15:41:33.203  INFO [eureka-client-two,,,] 1864 --- [main] c.f.e.EurekaClientTwoApplication         : Started EurekaClientTwoApplication in 19.056 seconds (JVM running for 20.521)
2018-09-12 15:41:51.046  INFO [eureka-client-two,,,] 1864 --- [http-nio-8763-exec-1] o.a.c.c.C.[Tomcat].[localhost].[/]       : Initializing Spring FrameworkServlet 'dispatcherServlet'
2018-09-12 15:41:51.046  INFO [eureka-client-two,,,] 1864 --- [http-nio-8763-exec-1] o.s.web.servlet.DispatcherServlet        : FrameworkServlet 'dispatcherServlet': initialization started
2018-09-12 15:41:51.109  INFO [eureka-client-two,,,] 1864 --- [http-nio-8763-exec-1] o.s.web.servlet.DispatcherServlet        : FrameworkServlet 'dispatcherServlet': initialization completed in 63 ms
2018-09-12 15:46:32.701  INFO [eureka-client-two,,,] 1864 --- [AsyncResolver-bootstrap-executor-0] c.n.d.s.r.aws.ConfigClusterResolver      : Resolving eureka endpoints via configuration
2018-09-12 15:51:32.704  INFO [eureka-client-two,,,] 1864 --- [AsyncResolver-bootstrap-executor-0] c.n.d.s.r.aws.ConfigClusterResolver      : Resolving eureka endpoints via configuration
2018-09-12 15:56:32.706  INFO [eureka-client-two,,,] 1864 --- [AsyncResolver-bootstrap-executor-0] c.n.d.s.r.aws.ConfigClusterResolver      : Resolving eureka endpoints via configuration
2018-09-12 16:01:32.707  INFO [eureka-client-two,,,] 1864 --- [AsyncResolver-bootstrap-executor-0] c.n.d.s.r.aws.ConfigClusterResolver      : Resolving eureka endpoints via configuration
2018-09-12 16:06:32.708  INFO [eureka-client-two,,,] 1864 --- [AsyncResolver-bootstrap-executor-0] c.n.d.s.r.aws.ConfigClusterResolver      : Resolving eureka endpoints via configuration
2018-09-12 16:11:32.710  INFO [eureka-client-two,,,] 1864 --- [AsyncResolver-bootstrap-executor-0] c.n.d.s.r.aws.ConfigClusterResolver      : Resolving eureka endpoints via configuration
2018-09-12 16:16:32.711  INFO [eureka-client-two,,,] 1864 --- [AsyncResolver-bootstrap-executor-0] c.n.d.s.r.aws.ConfigClusterResolver      : Resolving eureka endpoints via configuration
2018-09-12 16:21:32.714  INFO [eureka-client-two,,,] 1864 --- [AsyncResolver-bootstrap-executor-0] c.n.d.s.r.aws.ConfigClusterResolver      : Resolving eureka endpoints via configuration
2018-09-12 16:26:32.716  INFO [eureka-client-two,,,] 1864 --- [AsyncResolver-bootstrap-executor-0] c.n.d.s.r.aws.ConfigClusterResolver      : Resolving eureka endpoints via configuration
2018-09-12 16:31:32.717  INFO [eureka-client-two,,,] 1864 --- [AsyncResolver-bootstrap-executor-0] c.n.d.s.r.aws.ConfigClusterResolver      : Resolving eureka endpoints via configuration
2018-09-12 16:36:32.719  INFO [eureka-client-two,,,] 1864 --- [AsyncResolver-bootstrap-executor-0] c.n.d.s.r.aws.ConfigClusterResolver      : Resolving eureka endpoints via configuration
2018-09-12 16:41:32.720  INFO [eureka-client-two,,,] 1864 --- [AsyncResolver-bootstrap-executor-0] c.n.d.s.r.aws.ConfigClusterResolver      : Resolving eureka endpoints via configuration
2018-09-12 16:46:32.721  INFO [eureka-client-two,,,] 1864 --- [AsyncResolver-bootstrap-executor-0] c.n.d.s.r.aws.ConfigClusterResolver      : Resolving eureka endpoints via configuration
2018-09-12 16:51:32.723  INFO [eureka-client-two,,,] 1864 --- [AsyncResolver-bootstrap-executor-0] c.n.d.s.r.aws.ConfigClusterResolver      : Resolving eureka endpoints via configuration
2018-09-12 16:56:32.725  INFO [eureka-client-two,,,] 1864 --- [AsyncResolver-bootstrap-executor-0] c.n.d.s.r.aws.ConfigClusterResolver      : Resolving eureka endpoints via configuration
2018-09-12 17:01:32.727  INFO [eureka-client-two,,,] 1864 --- [AsyncResolver-bootstrap-executor-0] c.n.d.s.r.aws.ConfigClusterResolver      : Resolving eureka endpoints via configuration
2018-09-12 17:06:32.729  INFO [eureka-client-two,,,] 1864 --- [AsyncResolver-bootstrap-executor-0] c.n.d.s.r.aws.ConfigClusterResolver      : Resolving eureka endpoints via configuration
2018-09-12 17:11:32.730  INFO [eureka-client-two,,,] 1864 --- [AsyncResolver-bootstrap-executor-0] c.n.d.s.r.aws.ConfigClusterResolver      : Resolving eureka endpoints via configuration
2018-09-12 17:16:32.732  INFO [eureka-client-two,,,] 1864 --- [AsyncResolver-bootstrap-executor-0] c.n.d.s.r.aws.ConfigClusterResolver      : Resolving eureka endpoints via configuration
2018-09-12 17:21:32.733  INFO [eureka-client-two,,,] 1864 --- [AsyncResolver-bootstrap-executor-0] c.n.d.s.r.aws.ConfigClusterResolver      : Resolving eureka endpoints via configuration
2018-09-12 17:26:32.734  INFO [eureka-client-two,,,] 1864 --- [AsyncResolver-bootstrap-executor-0] c.n.d.s.r.aws.ConfigClusterResolver      : Resolving eureka endpoints via configuration
2018-09-12 17:31:32.736  INFO [eureka-client-two,,,] 1864 --- [AsyncResolver-bootstrap-executor-0] c.n.d.s.r.aws.ConfigClusterResolver      : Resolving eureka endpoints via configuration
2018-09-12 17:36:32.738  INFO [eureka-client-two,,,] 1864 --- [AsyncResolver-bootstrap-executor-0] c.n.d.s.r.aws.ConfigClusterResolver      : Resolving eureka endpoints via configuration
2018-09-12 17:41:32.740  INFO [eureka-client-two,,,] 1864 --- [AsyncResolver-bootstrap-executor-0] c.n.d.s.r.aws.ConfigClusterResolver      : Resolving eureka endpoints via configuration
2018-09-12 17:46:32.741  INFO [eureka-client-two,,,] 1864 --- [AsyncResolver-bootstrap-executor-0] c.n.d.s.r.aws.ConfigClusterResolver      : Resolving eureka endpoints via configuration
2018-09-12 17:51:32.743  INFO [eureka-client-two,,,] 1864 --- [AsyncResolver-bootstrap-executor-0] c.n.d.s.r.aws.ConfigClusterResolver      : Resolving eureka endpoints via configuration
2018-09-12 17:56:32.758  INFO [eureka-client-two,,,] 1864 --- [AsyncResolver-bootstrap-executor-0] c.n.d.s.r.aws.ConfigClusterResolver      : Resolving eureka endpoints via configuration
2018-09-12 18:01:32.772  INFO [eureka-client-two,,,] 1864 --- [AsyncResolver-bootstrap-executor-0] c.n.d.s.r.aws.ConfigClusterResolver      : Resolving eureka endpoints via configuration
2018-09-12 18:06:32.784  INFO [eureka-client-two,,,] 1864 --- [AsyncResolver-bootstrap-executor-0] c.n.d.s.r.aws.ConfigClusterResolver      : Resolving eureka endpoints via configuration
2018-09-12 18:11:32.785  INFO [eureka-client-two,,,] 1864 --- [AsyncResolver-bootstrap-executor-0] c.n.d.s.r.aws.ConfigClusterResolver      : Resolving eureka endpoints via configuration
2018-09-12 18:16:32.792  INFO [eureka-client-two,,,] 1864 --- [AsyncResolver-bootstrap-executor-0] c.n.d.s.r.aws.ConfigClusterResolver      : Resolving eureka endpoints via configuration
2018-09-12 18:21:32.807  INFO [eureka-client-two,,,] 1864 --- [AsyncResolver-bootstrap-executor-0] c.n.d.s.r.aws.ConfigClusterResolver      : Resolving eureka endpoints via configuration
2018-09-12 18:26:32.822  INFO [eureka-client-two,,,] 1864 --- [AsyncResolver-bootstrap-executor-0] c.n.d.s.r.aws.ConfigClusterResolver      : Resolving eureka endpoints via configuration
2018-09-12 18:31:32.836  INFO [eureka-client-two,,,] 1864 --- [AsyncResolver-bootstrap-executor-0] c.n.d.s.r.aws.ConfigClusterResolver      : Resolving eureka endpoints via configuration
2018-09-12 18:36:32.849  INFO [eureka-client-two,,,] 1864 --- [AsyncResolver-bootstrap-executor-0] c.n.d.s.r.aws.ConfigClusterResolver      : Resolving eureka endpoints via configuration
2018-09-12 18:41:32.852  INFO [eureka-client-two,,,] 1864 --- [AsyncResolver-bootstrap-executor-0] c.n.d.s.r.aws.ConfigClusterResolver      : Resolving eureka endpoints via configuration
2018-09-12 18:46:32.866  INFO [eureka-client-two,,,] 1864 --- [AsyncResolver-bootstrap-executor-0] c.n.d.s.r.aws.ConfigClusterResolver      : Resolving eureka endpoints via configuration
2018-09-12 18:51:32.867  INFO [eureka-client-two,,,] 1864 --- [AsyncResolver-bootstrap-executor-0] c.n.d.s.r.aws.ConfigClusterResolver      : Resolving eureka endpoints via configuration
2018-09-12 18:56:32.873  INFO [eureka-client-two,,,] 1864 --- [AsyncResolver-bootstrap-executor-0] c.n.d.s.r.aws.ConfigClusterResolver      : Resolving eureka endpoints via configuration
2018-09-12 19:01:32.879  INFO [eureka-client-two,,,] 1864 --- [AsyncResolver-bootstrap-executor-0] c.n.d.s.r.aws.ConfigClusterResolver      : Resolving eureka endpoints via configuration
2018-09-12 19:06:32.889  INFO [eureka-client-two,,,] 1864 --- [AsyncResolver-bootstrap-executor-0] c.n.d.s.r.aws.ConfigClusterResolver      : Resolving eureka endpoints via configuration
2018-09-12 19:11:32.894  INFO [eureka-client-two,,,] 1864 --- [AsyncResolver-bootstrap-executor-0] c.n.d.s.r.aws.ConfigClusterResolver      : Resolving eureka endpoints via configuration
2018-09-12 19:16:32.906  INFO [eureka-client-two,,,] 1864 --- [AsyncResolver-bootstrap-executor-0] c.n.d.s.r.aws.ConfigClusterResolver      : Resolving eureka endpoints via configuration
2018-09-12 19:21:32.909  INFO [eureka-client-two,,,] 1864 --- [AsyncResolver-bootstrap-executor-0] c.n.d.s.r.aws.ConfigClusterResolver      : Resolving eureka endpoints via configuration
2018-09-12 19:26:32.915  INFO [eureka-client-two,,,] 1864 --- [AsyncResolver-bootstrap-executor-0] c.n.d.s.r.aws.ConfigClusterResolver      : Resolving eureka endpoints via configuration
2018-09-12 19:31:32.931  INFO [eureka-client-two,,,] 1864 --- [AsyncResolver-bootstrap-executor-0] c.n.d.s.r.aws.ConfigClusterResolver      : Resolving eureka endpoints via configuration
2018-09-12 19:36:32.944  INFO [eureka-client-two,,,] 1864 --- [AsyncResolver-bootstrap-executor-0] c.n.d.s.r.aws.ConfigClusterResolver      : Resolving eureka endpoints via configuration
2018-09-12 19:41:32.950  INFO [eureka-client-two,,,] 1864 --- [AsyncResolver-bootstrap-executor-0] c.n.d.s.r.aws.ConfigClusterResolver      : Resolving eureka endpoints via configuration
2018-09-12 19:46:32.958  INFO [eureka-client-two,,,] 1864 --- [AsyncResolver-bootstrap-executor-0] c.n.d.s.r.aws.ConfigClusterResolver      : Resolving eureka endpoints via configuration
2018-09-12 19:51:32.961  INFO [eureka-client-two,,,] 1864 --- [AsyncResolver-bootstrap-executor-0] c.n.d.s.r.aws.ConfigClusterResolver      : Resolving eureka endpoints via configuration
2018-09-12 19:56:32.964  INFO [eureka-client-two,,,] 1864 --- [AsyncResolver-bootstrap-executor-0] c.n.d.s.r.aws.ConfigClusterResolver      : Resolving eureka endpoints via configuration
2018-09-12 20:01:32.979  INFO [eureka-client-two,,,] 1864 --- [AsyncResolver-bootstrap-executor-0] c.n.d.s.r.aws.ConfigClusterResolver      : Resolving eureka endpoints via configuration
2018-09-12 20:06:32.970  INFO [eureka-client-two,,,] 1864 --- [AsyncResolver-bootstrap-executor-0] c.n.d.s.r.aws.ConfigClusterResolver      : Resolving eureka endpoints via configuration
